{"C:\\Users\\irwan\\Hacktiv8\\Final-Boss-BE\\app.js": {"path":"C:\\Users\\irwan\\Hacktiv8\\Final-Boss-BE\\app.js","statementMap":{"0":{"start":{"line":1,"column":16},"end":{"line":1,"column":34}},"1":{"start":{"line":2,"column":12},"end":{"line":2,"column":21}},"2":{"start":{"line":3,"column":13},"end":{"line":3,"column":28}},"3":{"start":{"line":4,"column":15},"end":{"line":4,"column":34}},"4":{"start":{"line":5,"column":21},"end":{"line":5,"column":58}},"5":{"start":{"line":8,"column":0},"end":{"line":8,"column":15}},"6":{"start":{"line":9,"column":0},"end":{"line":9,"column":23}},"7":{"start":{"line":10,"column":0},"end":{"line":10,"column":46}},"8":{"start":{"line":13,"column":0},"end":{"line":13,"column":16}},"9":{"start":{"line":15,"column":0},"end":{"line":15,"column":21}},"10":{"start":{"line":17,"column":0},"end":{"line":17,"column":20}}},"fnMap":{},"branchMap":{},"s":{"0":1,"1":1,"2":1,"3":1,"4":1,"5":1,"6":1,"7":1,"8":1,"9":1,"10":1},"f":{},"b":{},"_coverageSchema":"1a1c01bbd47fc00a2c39e90264f33305004495a9","hash":"af723b13a0efc8358fdb04d24cf58e9efa26b0df"}
,"C:\\Users\\irwan\\Hacktiv8\\Final-Boss-BE\\controllers\\categoryController.js": {"path":"C:\\Users\\irwan\\Hacktiv8\\Final-Boss-BE\\controllers\\categoryController.js","statementMap":{"0":{"start":{"line":1,"column":17},"end":{"line":1,"column":37}},"1":{"start":{"line":5,"column":8},"end":{"line":10,"column":9}},"2":{"start":{"line":6,"column":29},"end":{"line":6,"column":53}},"3":{"start":{"line":7,"column":10},"end":{"line":7,"column":43}},"4":{"start":{"line":9,"column":10},"end":{"line":9,"column":19}},"5":{"start":{"line":14,"column":0},"end":{"line":14,"column":36}}},"fnMap":{"0":{"name":"(anonymous_0)","decl":{"start":{"line":4,"column":4},"end":{"line":4,"column":5}},"loc":{"start":{"line":4,"column":47},"end":{"line":11,"column":5}},"line":4}},"branchMap":{},"s":{"0":1,"1":0,"2":0,"3":0,"4":0,"5":1},"f":{"0":0},"b":{},"_coverageSchema":"1a1c01bbd47fc00a2c39e90264f33305004495a9","hash":"4ce8f01ab5437a3ea1edf59aca725b76470159ae"}
,"C:\\Users\\irwan\\Hacktiv8\\Final-Boss-BE\\controllers\\controllerJalurAtas.js": {"path":"C:\\Users\\irwan\\Hacktiv8\\Final-Boss-BE\\controllers\\controllerJalurAtas.js","statementMap":{"0":{"start":{"line":1,"column":24},"end":{"line":1,"column":52}},"1":{"start":{"line":2,"column":19},"end":{"line":2,"column":44}},"2":{"start":{"line":3,"column":50},"end":{"line":3,"column":70}},"3":{"start":{"line":7,"column":4},"end":{"line":14,"column":5}},"4":{"start":{"line":8,"column":20},"end":{"line":10,"column":8}},"5":{"start":{"line":11,"column":6},"end":{"line":11,"column":34}},"6":{"start":{"line":13,"column":6},"end":{"line":13,"column":18}},"7":{"start":{"line":17,"column":4},"end":{"line":29,"column":5}},"8":{"start":{"line":18,"column":21},"end":{"line":18,"column":31}},"9":{"start":{"line":19,"column":20},"end":{"line":22,"column":8}},"10":{"start":{"line":23,"column":6},"end":{"line":25,"column":7}},"11":{"start":{"line":24,"column":8},"end":{"line":24,"column":36}},"12":{"start":{"line":26,"column":6},"end":{"line":26,"column":34}},"13":{"start":{"line":28,"column":6},"end":{"line":28,"column":18}},"14":{"start":{"line":32,"column":4},"end":{"line":56,"column":5}},"15":{"start":{"line":42,"column":10},"end":{"line":42,"column":18}},"16":{"start":{"line":43,"column":23},"end":{"line":52,"column":8}},"17":{"start":{"line":53,"column":6},"end":{"line":53,"column":71}},"18":{"start":{"line":55,"column":6},"end":{"line":55,"column":18}},"19":{"start":{"line":59,"column":4},"end":{"line":67,"column":5}},"20":{"start":{"line":60,"column":21},"end":{"line":60,"column":31}},"21":{"start":{"line":61,"column":27},"end":{"line":63,"column":8}},"22":{"start":{"line":64,"column":6},"end":{"line":64,"column":79}},"23":{"start":{"line":66,"column":6},"end":{"line":66,"column":18}},"24":{"start":{"line":70,"column":4},"end":{"line":89,"column":5}},"25":{"start":{"line":71,"column":34},"end":{"line":71,"column":42}},"26":{"start":{"line":72,"column":24},"end":{"line":74,"column":8}},"27":{"start":{"line":75,"column":6},"end":{"line":77,"column":7}},"28":{"start":{"line":76,"column":8},"end":{"line":76,"column":39}},"29":{"start":{"line":78,"column":6},"end":{"line":86,"column":7}},"30":{"start":{"line":79,"column":24},"end":{"line":79,"column":44}},"31":{"start":{"line":80,"column":22},"end":{"line":80,"column":37}},"32":{"start":{"line":81,"column":8},"end":{"line":83,"column":11}},"33":{"start":{"line":85,"column":8},"end":{"line":85,"column":39}},"34":{"start":{"line":88,"column":6},"end":{"line":88,"column":18}},"35":{"start":{"line":92,"column":4},"end":{"line":124,"column":5}},"36":{"start":{"line":102,"column":10},"end":{"line":102,"column":18}},"37":{"start":{"line":103,"column":22},"end":{"line":103,"column":35}},"38":{"start":{"line":104,"column":20},"end":{"line":104,"column":67}},"39":{"start":{"line":105,"column":6},"end":{"line":107,"column":7}},"40":{"start":{"line":106,"column":8},"end":{"line":106,"column":36}},"41":{"start":{"line":108,"column":6},"end":{"line":117,"column":9}},"42":{"start":{"line":118,"column":6},"end":{"line":118,"column":25}},"43":{"start":{"line":119,"column":6},"end":{"line":121,"column":71}},"44":{"start":{"line":123,"column":6},"end":{"line":123,"column":18}},"45":{"start":{"line":127,"column":4},"end":{"line":140,"column":5}},"46":{"start":{"line":128,"column":22},"end":{"line":128,"column":34}},"47":{"start":{"line":129,"column":20},"end":{"line":132,"column":7}},"48":{"start":{"line":133,"column":21},"end":{"line":133,"column":49}},"49":{"start":{"line":134,"column":6},"end":{"line":136,"column":7}},"50":{"start":{"line":135,"column":8},"end":{"line":135,"column":36}},"51":{"start":{"line":137,"column":6},"end":{"line":137,"column":35}},"52":{"start":{"line":139,"column":6},"end":{"line":139,"column":18}},"53":{"start":{"line":143,"column":4},"end":{"line":167,"column":5}},"54":{"start":{"line":144,"column":22},"end":{"line":144,"column":34}},"55":{"start":{"line":145,"column":48},"end":{"line":145,"column":56}},"56":{"start":{"line":146,"column":20},"end":{"line":148,"column":8}},"57":{"start":{"line":149,"column":6},"end":{"line":151,"column":7}},"58":{"start":{"line":150,"column":8},"end":{"line":150,"column":36}},"59":{"start":{"line":152,"column":20},"end":{"line":155,"column":7}},"60":{"start":{"line":156,"column":6},"end":{"line":160,"column":7}},"61":{"start":{"line":157,"column":8},"end":{"line":159,"column":9}},"62":{"start":{"line":158,"column":10},"end":{"line":158,"column":28}},"63":{"start":{"line":161,"column":6},"end":{"line":161,"column":30}},"64":{"start":{"line":162,"column":6},"end":{"line":162,"column":23}},"65":{"start":{"line":163,"column":6},"end":{"line":163,"column":25}},"66":{"start":{"line":164,"column":6},"end":{"line":164,"column":53}},"67":{"start":{"line":166,"column":6},"end":{"line":166,"column":18}},"68":{"start":{"line":170,"column":14},"end":{"line":170,"column":43}},"69":{"start":{"line":171,"column":4},"end":{"line":200,"column":5}},"70":{"start":{"line":172,"column":22},"end":{"line":172,"column":34}},"71":{"start":{"line":173,"column":32},"end":{"line":182,"column":8}},"72":{"start":{"line":183,"column":29},"end":{"line":183,"column":37}},"73":{"start":{"line":184,"column":6},"end":{"line":187,"column":9}},"74":{"start":{"line":185,"column":8},"end":{"line":185,"column":31}},"75":{"start":{"line":186,"column":8},"end":{"line":186,"column":18}},"76":{"start":{"line":188,"column":6},"end":{"line":188,"column":68}},"77":{"start":{"line":189,"column":16},"end":{"line":189,"column":33}},"78":{"start":{"line":190,"column":6},"end":{"line":192,"column":9}},"79":{"start":{"line":191,"column":8},"end":{"line":191,"column":29}},"80":{"start":{"line":193,"column":6},"end":{"line":193,"column":38}},"81":{"start":{"line":194,"column":6},"end":{"line":194,"column":44}},"82":{"start":{"line":195,"column":6},"end":{"line":195,"column":23}},"83":{"start":{"line":196,"column":6},"end":{"line":196,"column":61}},"84":{"start":{"line":198,"column":6},"end":{"line":198,"column":25}},"85":{"start":{"line":199,"column":6},"end":{"line":199,"column":18}},"86":{"start":{"line":203,"column":14},"end":{"line":203,"column":43}},"87":{"start":{"line":204,"column":4},"end":{"line":228,"column":5}},"88":{"start":{"line":205,"column":33},"end":{"line":205,"column":43}},"89":{"start":{"line":206,"column":27},"end":{"line":208,"column":8}},"90":{"start":{"line":209,"column":6},"end":{"line":211,"column":7}},"91":{"start":{"line":210,"column":8},"end":{"line":210,"column":36}},"92":{"start":{"line":212,"column":6},"end":{"line":215,"column":9}},"93":{"start":{"line":216,"column":20},"end":{"line":218,"column":8}},"94":{"start":{"line":219,"column":6},"end":{"line":221,"column":9}},"95":{"start":{"line":222,"column":6},"end":{"line":222,"column":43}},"96":{"start":{"line":223,"column":6},"end":{"line":223,"column":23}},"97":{"start":{"line":224,"column":6},"end":{"line":224,"column":47}},"98":{"start":{"line":226,"column":6},"end":{"line":226,"column":25}},"99":{"start":{"line":227,"column":6},"end":{"line":227,"column":18}},"100":{"start":{"line":231,"column":14},"end":{"line":231,"column":43}},"101":{"start":{"line":232,"column":4},"end":{"line":261,"column":5}},"102":{"start":{"line":233,"column":33},"end":{"line":233,"column":43}},"103":{"start":{"line":234,"column":39},"end":{"line":234,"column":47}},"104":{"start":{"line":235,"column":27},"end":{"line":237,"column":8}},"105":{"start":{"line":238,"column":6},"end":{"line":240,"column":7}},"106":{"start":{"line":239,"column":8},"end":{"line":239,"column":36}},"107":{"start":{"line":241,"column":24},"end":{"line":241,"column":47}},"108":{"start":{"line":242,"column":6},"end":{"line":242,"column":49}},"109":{"start":{"line":243,"column":6},"end":{"line":243,"column":50}},"110":{"start":{"line":244,"column":24},"end":{"line":244,"column":46}},"111":{"start":{"line":245,"column":22},"end":{"line":245,"column":35}},"112":{"start":{"line":246,"column":20},"end":{"line":248,"column":8}},"113":{"start":{"line":249,"column":6},"end":{"line":251,"column":7}},"114":{"start":{"line":250,"column":8},"end":{"line":250,"column":36}},"115":{"start":{"line":252,"column":6},"end":{"line":254,"column":9}},"116":{"start":{"line":255,"column":6},"end":{"line":255,"column":43}},"117":{"start":{"line":256,"column":6},"end":{"line":256,"column":23}},"118":{"start":{"line":257,"column":6},"end":{"line":257,"column":60}},"119":{"start":{"line":259,"column":6},"end":{"line":259,"column":25}},"120":{"start":{"line":260,"column":6},"end":{"line":260,"column":18}},"121":{"start":{"line":265,"column":0},"end":{"line":265,"column":37}}},"fnMap":{"0":{"name":"(anonymous_0)","decl":{"start":{"line":6,"column":2},"end":{"line":6,"column":3}},"loc":{"start":{"line":6,"column":41},"end":{"line":15,"column":3}},"line":6},"1":{"name":"(anonymous_1)","decl":{"start":{"line":16,"column":2},"end":{"line":16,"column":3}},"loc":{"start":{"line":16,"column":43},"end":{"line":30,"column":3}},"line":16},"2":{"name":"(anonymous_2)","decl":{"start":{"line":31,"column":2},"end":{"line":31,"column":3}},"loc":{"start":{"line":31,"column":41},"end":{"line":57,"column":3}},"line":31},"3":{"name":"(anonymous_3)","decl":{"start":{"line":58,"column":2},"end":{"line":58,"column":3}},"loc":{"start":{"line":58,"column":40},"end":{"line":68,"column":3}},"line":58},"4":{"name":"(anonymous_4)","decl":{"start":{"line":69,"column":2},"end":{"line":69,"column":3}},"loc":{"start":{"line":69,"column":42},"end":{"line":90,"column":3}},"line":69},"5":{"name":"(anonymous_5)","decl":{"start":{"line":91,"column":2},"end":{"line":91,"column":3}},"loc":{"start":{"line":91,"column":41},"end":{"line":125,"column":3}},"line":91},"6":{"name":"(anonymous_6)","decl":{"start":{"line":126,"column":2},"end":{"line":126,"column":3}},"loc":{"start":{"line":126,"column":47},"end":{"line":141,"column":3}},"line":126},"7":{"name":"(anonymous_7)","decl":{"start":{"line":142,"column":2},"end":{"line":142,"column":3}},"loc":{"start":{"line":142,"column":42},"end":{"line":168,"column":3}},"line":142},"8":{"name":"(anonymous_8)","decl":{"start":{"line":169,"column":2},"end":{"line":169,"column":3}},"loc":{"start":{"line":169,"column":48},"end":{"line":201,"column":3}},"line":169},"9":{"name":"(anonymous_9)","decl":{"start":{"line":184,"column":21},"end":{"line":184,"column":22}},"loc":{"start":{"line":184,"column":29},"end":{"line":187,"column":7}},"line":184},"10":{"name":"(anonymous_10)","decl":{"start":{"line":190,"column":25},"end":{"line":190,"column":26}},"loc":{"start":{"line":190,"column":33},"end":{"line":192,"column":7}},"line":190},"11":{"name":"(anonymous_11)","decl":{"start":{"line":202,"column":2},"end":{"line":202,"column":3}},"loc":{"start":{"line":202,"column":47},"end":{"line":229,"column":3}},"line":202},"12":{"name":"(anonymous_12)","decl":{"start":{"line":230,"column":2},"end":{"line":230,"column":3}},"loc":{"start":{"line":230,"column":49},"end":{"line":262,"column":3}},"line":230}},"branchMap":{"0":{"loc":{"start":{"line":23,"column":6},"end":{"line":25,"column":7}},"type":"if","locations":[{"start":{"line":23,"column":6},"end":{"line":25,"column":7}},{"start":{},"end":{}}],"line":23},"1":{"loc":{"start":{"line":75,"column":6},"end":{"line":77,"column":7}},"type":"if","locations":[{"start":{"line":75,"column":6},"end":{"line":77,"column":7}},{"start":{},"end":{}}],"line":75},"2":{"loc":{"start":{"line":78,"column":6},"end":{"line":86,"column":7}},"type":"if","locations":[{"start":{"line":78,"column":6},"end":{"line":86,"column":7}},{"start":{"line":84,"column":13},"end":{"line":86,"column":7}}],"line":78},"3":{"loc":{"start":{"line":105,"column":6},"end":{"line":107,"column":7}},"type":"if","locations":[{"start":{"line":105,"column":6},"end":{"line":107,"column":7}},{"start":{},"end":{}}],"line":105},"4":{"loc":{"start":{"line":134,"column":6},"end":{"line":136,"column":7}},"type":"if","locations":[{"start":{"line":134,"column":6},"end":{"line":136,"column":7}},{"start":{},"end":{}}],"line":134},"5":{"loc":{"start":{"line":149,"column":6},"end":{"line":151,"column":7}},"type":"if","locations":[{"start":{"line":149,"column":6},"end":{"line":151,"column":7}},{"start":{},"end":{}}],"line":149},"6":{"loc":{"start":{"line":153,"column":23},"end":{"line":153,"column":35}},"type":"cond-expr","locations":[{"start":{"line":153,"column":27},"end":{"line":153,"column":28}},{"start":{"line":153,"column":31},"end":{"line":153,"column":35}}],"line":153},"7":{"loc":{"start":{"line":154,"column":16},"end":{"line":154,"column":32}},"type":"cond-expr","locations":[{"start":{"line":154,"column":22},"end":{"line":154,"column":25}},{"start":{"line":154,"column":28},"end":{"line":154,"column":32}}],"line":154},"8":{"loc":{"start":{"line":157,"column":8},"end":{"line":159,"column":9}},"type":"if","locations":[{"start":{"line":157,"column":8},"end":{"line":159,"column":9}},{"start":{},"end":{}}],"line":157},"9":{"loc":{"start":{"line":209,"column":6},"end":{"line":211,"column":7}},"type":"if","locations":[{"start":{"line":209,"column":6},"end":{"line":211,"column":7}},{"start":{},"end":{}}],"line":209},"10":{"loc":{"start":{"line":238,"column":6},"end":{"line":240,"column":7}},"type":"if","locations":[{"start":{"line":238,"column":6},"end":{"line":240,"column":7}},{"start":{},"end":{}}],"line":238},"11":{"loc":{"start":{"line":249,"column":6},"end":{"line":251,"column":7}},"type":"if","locations":[{"start":{"line":249,"column":6},"end":{"line":251,"column":7}},{"start":{},"end":{}}],"line":249}},"s":{"0":1,"1":1,"2":1,"3":0,"4":0,"5":0,"6":0,"7":0,"8":0,"9":0,"10":0,"11":0,"12":0,"13":0,"14":0,"15":0,"16":0,"17":0,"18":0,"19":0,"20":0,"21":0,"22":0,"23":0,"24":0,"25":0,"26":0,"27":0,"28":0,"29":0,"30":0,"31":0,"32":0,"33":0,"34":0,"35":0,"36":0,"37":0,"38":0,"39":0,"40":0,"41":0,"42":0,"43":0,"44":0,"45":0,"46":0,"47":0,"48":0,"49":0,"50":0,"51":0,"52":0,"53":0,"54":0,"55":0,"56":0,"57":0,"58":0,"59":0,"60":0,"61":0,"62":0,"63":0,"64":0,"65":0,"66":0,"67":0,"68":0,"69":0,"70":0,"71":0,"72":0,"73":0,"74":0,"75":0,"76":0,"77":0,"78":0,"79":0,"80":0,"81":0,"82":0,"83":0,"84":0,"85":0,"86":0,"87":0,"88":0,"89":0,"90":0,"91":0,"92":0,"93":0,"94":0,"95":0,"96":0,"97":0,"98":0,"99":0,"100":0,"101":0,"102":0,"103":0,"104":0,"105":0,"106":0,"107":0,"108":0,"109":0,"110":0,"111":0,"112":0,"113":0,"114":0,"115":0,"116":0,"117":0,"118":0,"119":0,"120":0,"121":1},"f":{"0":0,"1":0,"2":0,"3":0,"4":0,"5":0,"6":0,"7":0,"8":0,"9":0,"10":0,"11":0,"12":0},"b":{"0":[0,0],"1":[0,0],"2":[0,0],"3":[0,0],"4":[0,0],"5":[0,0],"6":[0,0],"7":[0,0],"8":[0,0],"9":[0,0],"10":[0,0],"11":[0,0]},"_coverageSchema":"1a1c01bbd47fc00a2c39e90264f33305004495a9","hash":"c3537e0acb013be5210d5015be59d50514b2183f"}
,"C:\\Users\\irwan\\Hacktiv8\\Final-Boss-BE\\controllers\\productController.js": {"path":"C:\\Users\\irwan\\Hacktiv8\\Final-Boss-BE\\controllers\\productController.js","statementMap":{"0":{"start":{"line":1,"column":44},"end":{"line":1,"column":64}},"1":{"start":{"line":2,"column":22},"end":{"line":2,"column":42}},"2":{"start":{"line":6,"column":4},"end":{"line":14,"column":5}},"3":{"start":{"line":7,"column":23},"end":{"line":9,"column":8}},"4":{"start":{"line":10,"column":6},"end":{"line":10,"column":37}},"5":{"start":{"line":12,"column":6},"end":{"line":12,"column":25}},"6":{"start":{"line":13,"column":6},"end":{"line":13,"column":18}},"7":{"start":{"line":18,"column":4},"end":{"line":30,"column":5}},"8":{"start":{"line":19,"column":21},"end":{"line":19,"column":31}},"9":{"start":{"line":20,"column":22},"end":{"line":22,"column":8}},"10":{"start":{"line":23,"column":6},"end":{"line":25,"column":7}},"11":{"start":{"line":24,"column":8},"end":{"line":24,"column":36}},"12":{"start":{"line":26,"column":6},"end":{"line":26,"column":36}},"13":{"start":{"line":28,"column":6},"end":{"line":28,"column":25}},"14":{"start":{"line":29,"column":6},"end":{"line":29,"column":18}},"15":{"start":{"line":34,"column":14},"end":{"line":34,"column":43}},"16":{"start":{"line":35,"column":4},"end":{"line":68,"column":5}},"17":{"start":{"line":36,"column":62},"end":{"line":36,"column":70}},"18":{"start":{"line":37,"column":21},"end":{"line":37,"column":32}},"19":{"start":{"line":38,"column":19},"end":{"line":38,"column":58}},"20":{"start":{"line":39,"column":24},"end":{"line":39,"column":32}},"21":{"start":{"line":40,"column":25},"end":{"line":52,"column":7}},"22":{"start":{"line":53,"column":21},"end":{"line":58,"column":8}},"23":{"start":{"line":54,"column":8},"end":{"line":57,"column":10}},"24":{"start":{"line":59,"column":6},"end":{"line":59,"column":58}},"25":{"start":{"line":60,"column":6},"end":{"line":60,"column":27}},"26":{"start":{"line":61,"column":6},"end":{"line":61,"column":23}},"27":{"start":{"line":62,"column":6},"end":{"line":62,"column":39}},"28":{"start":{"line":64,"column":6},"end":{"line":64,"column":25}},"29":{"start":{"line":65,"column":6},"end":{"line":65,"column":27}},"30":{"start":{"line":66,"column":6},"end":{"line":66,"column":25}},"31":{"start":{"line":67,"column":6},"end":{"line":67,"column":18}},"32":{"start":{"line":72,"column":14},"end":{"line":72,"column":43}},"33":{"start":{"line":73,"column":4},"end":{"line":99,"column":5}},"34":{"start":{"line":74,"column":21},"end":{"line":74,"column":31}},"35":{"start":{"line":75,"column":62},"end":{"line":75,"column":70}},"36":{"start":{"line":76,"column":21},"end":{"line":76,"column":32}},"37":{"start":{"line":77,"column":19},"end":{"line":77,"column":58}},"38":{"start":{"line":78,"column":22},"end":{"line":78,"column":48}},"39":{"start":{"line":79,"column":6},"end":{"line":81,"column":7}},"40":{"start":{"line":80,"column":8},"end":{"line":80,"column":36}},"41":{"start":{"line":82,"column":29},"end":{"line":85,"column":7}},"42":{"start":{"line":86,"column":21},"end":{"line":91,"column":8}},"43":{"start":{"line":87,"column":8},"end":{"line":90,"column":10}},"44":{"start":{"line":92,"column":6},"end":{"line":92,"column":58}},"45":{"start":{"line":93,"column":6},"end":{"line":93,"column":23}},"46":{"start":{"line":94,"column":6},"end":{"line":94,"column":43}},"47":{"start":{"line":96,"column":6},"end":{"line":96,"column":25}},"48":{"start":{"line":97,"column":6},"end":{"line":97,"column":25}},"49":{"start":{"line":98,"column":6},"end":{"line":98,"column":18}},"50":{"start":{"line":103,"column":14},"end":{"line":103,"column":43}},"51":{"start":{"line":104,"column":4},"end":{"line":118,"column":5}},"52":{"start":{"line":105,"column":21},"end":{"line":105,"column":31}},"53":{"start":{"line":106,"column":22},"end":{"line":106,"column":48}},"54":{"start":{"line":107,"column":6},"end":{"line":109,"column":7}},"55":{"start":{"line":108,"column":8},"end":{"line":108,"column":36}},"56":{"start":{"line":110,"column":6},"end":{"line":110,"column":63}},"57":{"start":{"line":111,"column":6},"end":{"line":111,"column":73}},"58":{"start":{"line":112,"column":6},"end":{"line":112,"column":23}},"59":{"start":{"line":113,"column":6},"end":{"line":113,"column":59}},"60":{"start":{"line":115,"column":6},"end":{"line":115,"column":25}},"61":{"start":{"line":116,"column":6},"end":{"line":116,"column":25}},"62":{"start":{"line":117,"column":6},"end":{"line":117,"column":18}},"63":{"start":{"line":122,"column":0},"end":{"line":122,"column":35}}},"fnMap":{"0":{"name":"(anonymous_0)","decl":{"start":{"line":5,"column":2},"end":{"line":5,"column":3}},"loc":{"start":{"line":5,"column":46},"end":{"line":15,"column":3}},"line":5},"1":{"name":"(anonymous_1)","decl":{"start":{"line":17,"column":2},"end":{"line":17,"column":3}},"loc":{"start":{"line":17,"column":46},"end":{"line":31,"column":3}},"line":17},"2":{"name":"(anonymous_2)","decl":{"start":{"line":33,"column":2},"end":{"line":33,"column":3}},"loc":{"start":{"line":33,"column":42},"end":{"line":69,"column":3}},"line":33},"3":{"name":"(anonymous_3)","decl":{"start":{"line":53,"column":35},"end":{"line":53,"column":36}},"loc":{"start":{"line":53,"column":45},"end":{"line":58,"column":7}},"line":53},"4":{"name":"(anonymous_4)","decl":{"start":{"line":71,"column":2},"end":{"line":71,"column":3}},"loc":{"start":{"line":71,"column":43},"end":{"line":100,"column":3}},"line":71},"5":{"name":"(anonymous_5)","decl":{"start":{"line":86,"column":35},"end":{"line":86,"column":36}},"loc":{"start":{"line":86,"column":45},"end":{"line":91,"column":7}},"line":86},"6":{"name":"(anonymous_6)","decl":{"start":{"line":102,"column":2},"end":{"line":102,"column":3}},"loc":{"start":{"line":102,"column":45},"end":{"line":119,"column":3}},"line":102}},"branchMap":{"0":{"loc":{"start":{"line":23,"column":6},"end":{"line":25,"column":7}},"type":"if","locations":[{"start":{"line":23,"column":6},"end":{"line":25,"column":7}},{"start":{},"end":{}}],"line":23},"1":{"loc":{"start":{"line":79,"column":6},"end":{"line":81,"column":7}},"type":"if","locations":[{"start":{"line":79,"column":6},"end":{"line":81,"column":7}},{"start":{},"end":{}}],"line":79},"2":{"loc":{"start":{"line":107,"column":6},"end":{"line":109,"column":7}},"type":"if","locations":[{"start":{"line":107,"column":6},"end":{"line":109,"column":7}},{"start":{},"end":{}}],"line":107}},"s":{"0":1,"1":1,"2":0,"3":0,"4":0,"5":0,"6":0,"7":0,"8":0,"9":0,"10":0,"11":0,"12":0,"13":0,"14":0,"15":0,"16":0,"17":0,"18":0,"19":0,"20":0,"21":0,"22":0,"23":0,"24":0,"25":0,"26":0,"27":0,"28":0,"29":0,"30":0,"31":0,"32":0,"33":0,"34":0,"35":0,"36":0,"37":0,"38":0,"39":0,"40":0,"41":0,"42":0,"43":0,"44":0,"45":0,"46":0,"47":0,"48":0,"49":0,"50":0,"51":0,"52":0,"53":0,"54":0,"55":0,"56":0,"57":0,"58":0,"59":0,"60":0,"61":0,"62":0,"63":1},"f":{"0":0,"1":0,"2":0,"3":0,"4":0,"5":0,"6":0},"b":{"0":[0,0],"1":[0,0],"2":[0,0]},"_coverageSchema":"1a1c01bbd47fc00a2c39e90264f33305004495a9","hash":"42f049a9d36bbf0a7b14553b42835ff212fa87fc"}
,"C:\\Users\\irwan\\Hacktiv8\\Final-Boss-BE\\controllers\\sellerController.js": {"path":"C:\\Users\\irwan\\Hacktiv8\\Final-Boss-BE\\controllers\\sellerController.js","statementMap":{"0":{"start":{"line":1,"column":19},"end":{"line":1,"column":39}},"1":{"start":{"line":2,"column":24},"end":{"line":2,"column":52}},"2":{"start":{"line":3,"column":19},"end":{"line":3,"column":44}},"3":{"start":{"line":7,"column":4},"end":{"line":24,"column":5}},"4":{"start":{"line":8,"column":20},"end":{"line":8,"column":42}},"5":{"start":{"line":9,"column":6},"end":{"line":19,"column":9}},"6":{"start":{"line":10,"column":8},"end":{"line":18,"column":10}},"7":{"start":{"line":21,"column":6},"end":{"line":21,"column":36}},"8":{"start":{"line":23,"column":6},"end":{"line":23,"column":18}},"9":{"start":{"line":28,"column":4},"end":{"line":41,"column":5}},"10":{"start":{"line":29,"column":62},"end":{"line":29,"column":70}},"11":{"start":{"line":30,"column":21},"end":{"line":36,"column":8}},"12":{"start":{"line":37,"column":6},"end":{"line":37,"column":67}},"13":{"start":{"line":39,"column":6},"end":{"line":39,"column":25}},"14":{"start":{"line":40,"column":6},"end":{"line":40,"column":18}},"15":{"start":{"line":45,"column":4},"end":{"line":69,"column":5}},"16":{"start":{"line":46,"column":21},"end":{"line":46,"column":31}},"17":{"start":{"line":47,"column":19},"end":{"line":51,"column":8}},"18":{"start":{"line":53,"column":6},"end":{"line":55,"column":7}},"19":{"start":{"line":54,"column":8},"end":{"line":54,"column":36}},"20":{"start":{"line":57,"column":6},"end":{"line":65,"column":8}},"21":{"start":{"line":66,"column":6},"end":{"line":66,"column":35}},"22":{"start":{"line":68,"column":6},"end":{"line":68,"column":18}},"23":{"start":{"line":73,"column":4},"end":{"line":98,"column":5}},"24":{"start":{"line":74,"column":21},"end":{"line":74,"column":31}},"25":{"start":{"line":75,"column":62},"end":{"line":75,"column":70}},"26":{"start":{"line":76,"column":21},"end":{"line":76,"column":46}},"27":{"start":{"line":77,"column":6},"end":{"line":79,"column":7}},"28":{"start":{"line":78,"column":8},"end":{"line":78,"column":36}},"29":{"start":{"line":80,"column":6},"end":{"line":94,"column":8}},"30":{"start":{"line":95,"column":6},"end":{"line":95,"column":65}},"31":{"start":{"line":97,"column":6},"end":{"line":97,"column":18}},"32":{"start":{"line":102,"column":4},"end":{"line":116,"column":5}},"33":{"start":{"line":103,"column":21},"end":{"line":103,"column":31}},"34":{"start":{"line":104,"column":21},"end":{"line":104,"column":46}},"35":{"start":{"line":105,"column":6},"end":{"line":107,"column":7}},"36":{"start":{"line":106,"column":8},"end":{"line":106,"column":36}},"37":{"start":{"line":108,"column":6},"end":{"line":112,"column":9}},"38":{"start":{"line":113,"column":6},"end":{"line":113,"column":58}},"39":{"start":{"line":115,"column":6},"end":{"line":115,"column":18}},"40":{"start":{"line":120,"column":4},"end":{"line":149,"column":5}},"41":{"start":{"line":121,"column":34},"end":{"line":121,"column":42}},"42":{"start":{"line":123,"column":6},"end":{"line":125,"column":7}},"43":{"start":{"line":124,"column":8},"end":{"line":124,"column":44}},"44":{"start":{"line":127,"column":6},"end":{"line":129,"column":7}},"45":{"start":{"line":128,"column":8},"end":{"line":128,"column":47}},"46":{"start":{"line":131,"column":21},"end":{"line":135,"column":8}},"47":{"start":{"line":136,"column":6},"end":{"line":146,"column":7}},"48":{"start":{"line":137,"column":8},"end":{"line":137,"column":39}},"49":{"start":{"line":138,"column":13},"end":{"line":146,"column":7}},"50":{"start":{"line":139,"column":8},"end":{"line":139,"column":39}},"51":{"start":{"line":141,"column":29},"end":{"line":144,"column":10}},"52":{"start":{"line":145,"column":8},"end":{"line":145,"column":47}},"53":{"start":{"line":148,"column":6},"end":{"line":148,"column":18}},"54":{"start":{"line":153,"column":0},"end":{"line":153,"column":34}}},"fnMap":{"0":{"name":"(anonymous_0)","decl":{"start":{"line":6,"column":2},"end":{"line":6,"column":3}},"loc":{"start":{"line":6,"column":39},"end":{"line":25,"column":3}},"line":6},"1":{"name":"(anonymous_1)","decl":{"start":{"line":9,"column":28},"end":{"line":9,"column":29}},"loc":{"start":{"line":9,"column":40},"end":{"line":19,"column":7}},"line":9},"2":{"name":"(anonymous_2)","decl":{"start":{"line":27,"column":2},"end":{"line":27,"column":3}},"loc":{"start":{"line":27,"column":38},"end":{"line":42,"column":3}},"line":27},"3":{"name":"(anonymous_3)","decl":{"start":{"line":44,"column":2},"end":{"line":44,"column":3}},"loc":{"start":{"line":44,"column":39},"end":{"line":70,"column":3}},"line":44},"4":{"name":"(anonymous_4)","decl":{"start":{"line":72,"column":2},"end":{"line":72,"column":3}},"loc":{"start":{"line":72,"column":38},"end":{"line":99,"column":3}},"line":72},"5":{"name":"(anonymous_5)","decl":{"start":{"line":101,"column":2},"end":{"line":101,"column":3}},"loc":{"start":{"line":101,"column":38},"end":{"line":117,"column":3}},"line":101},"6":{"name":"(anonymous_6)","decl":{"start":{"line":119,"column":2},"end":{"line":119,"column":3}},"loc":{"start":{"line":119,"column":37},"end":{"line":150,"column":3}},"line":119}},"branchMap":{"0":{"loc":{"start":{"line":53,"column":6},"end":{"line":55,"column":7}},"type":"if","locations":[{"start":{"line":53,"column":6},"end":{"line":55,"column":7}},{"start":{},"end":{}}],"line":53},"1":{"loc":{"start":{"line":77,"column":6},"end":{"line":79,"column":7}},"type":"if","locations":[{"start":{"line":77,"column":6},"end":{"line":79,"column":7}},{"start":{},"end":{}}],"line":77},"2":{"loc":{"start":{"line":105,"column":6},"end":{"line":107,"column":7}},"type":"if","locations":[{"start":{"line":105,"column":6},"end":{"line":107,"column":7}},{"start":{},"end":{}}],"line":105},"3":{"loc":{"start":{"line":123,"column":6},"end":{"line":125,"column":7}},"type":"if","locations":[{"start":{"line":123,"column":6},"end":{"line":125,"column":7}},{"start":{},"end":{}}],"line":123},"4":{"loc":{"start":{"line":127,"column":6},"end":{"line":129,"column":7}},"type":"if","locations":[{"start":{"line":127,"column":6},"end":{"line":129,"column":7}},{"start":{},"end":{}}],"line":127},"5":{"loc":{"start":{"line":136,"column":6},"end":{"line":146,"column":7}},"type":"if","locations":[{"start":{"line":136,"column":6},"end":{"line":146,"column":7}},{"start":{"line":138,"column":13},"end":{"line":146,"column":7}}],"line":136},"6":{"loc":{"start":{"line":138,"column":13},"end":{"line":146,"column":7}},"type":"if","locations":[{"start":{"line":138,"column":13},"end":{"line":146,"column":7}},{"start":{"line":140,"column":13},"end":{"line":146,"column":7}}],"line":138}},"s":{"0":1,"1":1,"2":1,"3":1,"4":1,"5":1,"6":2,"7":1,"8":0,"9":9,"10":9,"11":9,"12":1,"13":8,"14":8,"15":2,"16":2,"17":2,"18":2,"19":1,"20":1,"21":1,"22":1,"23":2,"24":2,"25":2,"26":2,"27":2,"28":1,"29":1,"30":1,"31":1,"32":2,"33":2,"34":2,"35":2,"36":1,"37":1,"38":1,"39":1,"40":7,"41":7,"42":7,"43":2,"44":5,"45":2,"46":3,"47":3,"48":1,"49":2,"50":1,"51":1,"52":1,"53":6,"54":1},"f":{"0":1,"1":2,"2":9,"3":2,"4":2,"5":2,"6":7},"b":{"0":[1,1],"1":[1,1],"2":[1,1],"3":[2,5],"4":[2,3],"5":[1,2],"6":[1,1]},"_coverageSchema":"1a1c01bbd47fc00a2c39e90264f33305004495a9","hash":"25e1cfd5b72d5ccc6b3f5c44d0a25129404dc28b"}
,"C:\\Users\\irwan\\Hacktiv8\\Final-Boss-BE\\controllers\\shopController.js": {"path":"C:\\Users\\irwan\\Hacktiv8\\Final-Boss-BE\\controllers\\shopController.js","statementMap":{"0":{"start":{"line":1,"column":34},"end":{"line":1,"column":54}},"1":{"start":{"line":5,"column":8},"end":{"line":12,"column":9}},"2":{"start":{"line":6,"column":26},"end":{"line":8,"column":14}},"3":{"start":{"line":9,"column":12},"end":{"line":9,"column":39}},"4":{"start":{"line":11,"column":12},"end":{"line":11,"column":21}},"5":{"start":{"line":16,"column":8},"end":{"line":26,"column":9}},"6":{"start":{"line":17,"column":25},"end":{"line":22,"column":14}},"7":{"start":{"line":23,"column":12},"end":{"line":23,"column":38}},"8":{"start":{"line":25,"column":12},"end":{"line":25,"column":21}},"9":{"start":{"line":30,"column":8},"end":{"line":43,"column":9}},"10":{"start":{"line":31,"column":25},"end":{"line":39,"column":14}},"11":{"start":{"line":40,"column":12},"end":{"line":40,"column":38}},"12":{"start":{"line":42,"column":12},"end":{"line":42,"column":21}},"13":{"start":{"line":47,"column":8},"end":{"line":65,"column":9}},"14":{"start":{"line":48,"column":12},"end":{"line":61,"column":14}},"15":{"start":{"line":62,"column":12},"end":{"line":62,"column":61}},"16":{"start":{"line":64,"column":12},"end":{"line":64,"column":21}},"17":{"start":{"line":69,"column":8},"end":{"line":78,"column":9}},"18":{"start":{"line":70,"column":12},"end":{"line":74,"column":14}},"19":{"start":{"line":75,"column":12},"end":{"line":75,"column":61}},"20":{"start":{"line":77,"column":12},"end":{"line":77,"column":21}},"21":{"start":{"line":83,"column":0},"end":{"line":83,"column":31}}},"fnMap":{"0":{"name":"(anonymous_0)","decl":{"start":{"line":4,"column":4},"end":{"line":4,"column":5}},"loc":{"start":{"line":4,"column":41},"end":{"line":13,"column":5}},"line":4},"1":{"name":"(anonymous_1)","decl":{"start":{"line":15,"column":4},"end":{"line":15,"column":5}},"loc":{"start":{"line":15,"column":41},"end":{"line":27,"column":5}},"line":15},"2":{"name":"(anonymous_2)","decl":{"start":{"line":29,"column":4},"end":{"line":29,"column":5}},"loc":{"start":{"line":29,"column":40},"end":{"line":44,"column":5}},"line":29},"3":{"name":"(anonymous_3)","decl":{"start":{"line":46,"column":4},"end":{"line":46,"column":5}},"loc":{"start":{"line":46,"column":40},"end":{"line":66,"column":5}},"line":46},"4":{"name":"(anonymous_4)","decl":{"start":{"line":68,"column":4},"end":{"line":68,"column":5}},"loc":{"start":{"line":68,"column":40},"end":{"line":79,"column":5}},"line":68}},"branchMap":{},"s":{"0":1,"1":0,"2":0,"3":0,"4":0,"5":0,"6":0,"7":0,"8":0,"9":0,"10":0,"11":0,"12":0,"13":0,"14":0,"15":0,"16":0,"17":0,"18":0,"19":0,"20":0,"21":1},"f":{"0":0,"1":0,"2":0,"3":0,"4":0},"b":{},"_coverageSchema":"1a1c01bbd47fc00a2c39e90264f33305004495a9","hash":"3eb7eb2d1a694296576f28d7f13c9c073ea75357"}
,"C:\\Users\\irwan\\Hacktiv8\\Final-Boss-BE\\helpers\\bcrypt.js": {"path":"C:\\Users\\irwan\\Hacktiv8\\Final-Boss-BE\\helpers\\bcrypt.js","statementMap":{"0":{"start":{"line":1,"column":15},"end":{"line":1,"column":34}},"1":{"start":{"line":3,"column":17},"end":{"line":5,"column":1}},"2":{"start":{"line":4,"column":4},"end":{"line":4,"column":32}},"3":{"start":{"line":7,"column":20},"end":{"line":9,"column":1}},"4":{"start":{"line":8,"column":4},"end":{"line":8,"column":41}},"5":{"start":{"line":11,"column":0},"end":{"line":14,"column":1}}},"fnMap":{"0":{"name":"(anonymous_0)","decl":{"start":{"line":3,"column":17},"end":{"line":3,"column":18}},"loc":{"start":{"line":3,"column":27},"end":{"line":5,"column":1}},"line":3},"1":{"name":"(anonymous_1)","decl":{"start":{"line":7,"column":20},"end":{"line":7,"column":21}},"loc":{"start":{"line":7,"column":36},"end":{"line":9,"column":1}},"line":7}},"branchMap":{},"s":{"0":1,"1":1,"2":3,"3":1,"4":2,"5":1},"f":{"0":3,"1":2},"b":{},"_coverageSchema":"1a1c01bbd47fc00a2c39e90264f33305004495a9","hash":"d952d1ba8d2cd4a8e5f9ec9931141855c8f4e48f"}
,"C:\\Users\\irwan\\Hacktiv8\\Final-Boss-BE\\helpers\\jwt.js": {"path":"C:\\Users\\irwan\\Hacktiv8\\Final-Boss-BE\\helpers\\jwt.js","statementMap":{"0":{"start":{"line":1,"column":12},"end":{"line":1,"column":35}},"1":{"start":{"line":2,"column":15},"end":{"line":2,"column":24}},"2":{"start":{"line":4,"column":15},"end":{"line":6,"column":1}},"3":{"start":{"line":5,"column":4},"end":{"line":5,"column":36}},"4":{"start":{"line":8,"column":15},"end":{"line":10,"column":1}},"5":{"start":{"line":9,"column":4},"end":{"line":9,"column":36}},"6":{"start":{"line":12,"column":0},"end":{"line":15,"column":1}}},"fnMap":{"0":{"name":"(anonymous_0)","decl":{"start":{"line":4,"column":15},"end":{"line":4,"column":16}},"loc":{"start":{"line":4,"column":28},"end":{"line":6,"column":1}},"line":4},"1":{"name":"(anonymous_1)","decl":{"start":{"line":8,"column":15},"end":{"line":8,"column":16}},"loc":{"start":{"line":8,"column":26},"end":{"line":10,"column":1}},"line":8}},"branchMap":{},"s":{"0":1,"1":1,"2":1,"3":2,"4":1,"5":7,"6":1},"f":{"0":2,"1":7},"b":{},"_coverageSchema":"1a1c01bbd47fc00a2c39e90264f33305004495a9","hash":"3f8bae173584502d7a969adaafd30a28a801342a"}
,"C:\\Users\\irwan\\Hacktiv8\\Final-Boss-BE\\middlewares\\auth.js": {"path":"C:\\Users\\irwan\\Hacktiv8\\Final-Boss-BE\\middlewares\\auth.js","statementMap":{"0":{"start":{"line":1,"column":19},"end":{"line":1,"column":44}},"1":{"start":{"line":2,"column":19},"end":{"line":2,"column":39}},"2":{"start":{"line":3,"column":23},"end":{"line":25,"column":1}},"3":{"start":{"line":4,"column":2},"end":{"line":24,"column":3}},"4":{"start":{"line":5,"column":29},"end":{"line":5,"column":40}},"5":{"start":{"line":6,"column":4},"end":{"line":8,"column":5}},"6":{"start":{"line":7,"column":6},"end":{"line":7,"column":38}},"7":{"start":{"line":10,"column":20},"end":{"line":10,"column":40}},"8":{"start":{"line":11,"column":23},"end":{"line":11,"column":56}},"9":{"start":{"line":13,"column":4},"end":{"line":15,"column":5}},"10":{"start":{"line":14,"column":6},"end":{"line":14,"column":38}},"11":{"start":{"line":17,"column":4},"end":{"line":19,"column":6}},"12":{"start":{"line":21,"column":4},"end":{"line":21,"column":11}},"13":{"start":{"line":23,"column":4},"end":{"line":23,"column":16}},"14":{"start":{"line":27,"column":0},"end":{"line":27,"column":32}}},"fnMap":{"0":{"name":"(anonymous_0)","decl":{"start":{"line":3,"column":23},"end":{"line":3,"column":24}},"loc":{"start":{"line":3,"column":49},"end":{"line":25,"column":1}},"line":3}},"branchMap":{"0":{"loc":{"start":{"line":6,"column":4},"end":{"line":8,"column":5}},"type":"if","locations":[{"start":{"line":6,"column":4},"end":{"line":8,"column":5}},{"start":{},"end":{}}],"line":6},"1":{"loc":{"start":{"line":13,"column":4},"end":{"line":15,"column":5}},"type":"if","locations":[{"start":{"line":13,"column":4},"end":{"line":15,"column":5}},{"start":{},"end":{}}],"line":13}},"s":{"0":1,"1":1,"2":1,"3":7,"4":7,"5":7,"6":0,"7":7,"8":4,"9":4,"10":0,"11":4,"12":4,"13":3,"14":1},"f":{"0":7},"b":{"0":[0,7],"1":[0,4]},"_coverageSchema":"1a1c01bbd47fc00a2c39e90264f33305004495a9","hash":"37823e5e677f97bae335045003116d582113d7ba"}
,"C:\\Users\\irwan\\Hacktiv8\\Final-Boss-BE\\middlewares\\authShop.js": {"path":"C:\\Users\\irwan\\Hacktiv8\\Final-Boss-BE\\middlewares\\authShop.js","statementMap":{"0":{"start":{"line":1,"column":19},"end":{"line":1,"column":44}},"1":{"start":{"line":2,"column":25},"end":{"line":2,"column":45}},"2":{"start":{"line":4,"column":17},"end":{"line":25,"column":1}},"3":{"start":{"line":5,"column":2},"end":{"line":24,"column":3}},"4":{"start":{"line":6,"column":29},"end":{"line":6,"column":40}},"5":{"start":{"line":7,"column":4},"end":{"line":9,"column":5}},"6":{"start":{"line":8,"column":6},"end":{"line":8,"column":38}},"7":{"start":{"line":10,"column":20},"end":{"line":10,"column":40}},"8":{"start":{"line":11,"column":23},"end":{"line":13,"column":6}},"9":{"start":{"line":15,"column":4},"end":{"line":17,"column":5}},"10":{"start":{"line":16,"column":6},"end":{"line":16,"column":38}},"11":{"start":{"line":18,"column":4},"end":{"line":20,"column":5}},"12":{"start":{"line":21,"column":4},"end":{"line":21,"column":11}},"13":{"start":{"line":23,"column":4},"end":{"line":23,"column":16}},"14":{"start":{"line":27,"column":0},"end":{"line":27,"column":26}}},"fnMap":{"0":{"name":"(anonymous_0)","decl":{"start":{"line":4,"column":17},"end":{"line":4,"column":18}},"loc":{"start":{"line":4,"column":43},"end":{"line":25,"column":1}},"line":4}},"branchMap":{"0":{"loc":{"start":{"line":7,"column":4},"end":{"line":9,"column":5}},"type":"if","locations":[{"start":{"line":7,"column":4},"end":{"line":9,"column":5}},{"start":{},"end":{}}],"line":7},"1":{"loc":{"start":{"line":15,"column":4},"end":{"line":17,"column":5}},"type":"if","locations":[{"start":{"line":15,"column":4},"end":{"line":17,"column":5}},{"start":{},"end":{}}],"line":15}},"s":{"0":1,"1":1,"2":1,"3":0,"4":0,"5":0,"6":0,"7":0,"8":0,"9":0,"10":0,"11":0,"12":0,"13":0,"14":1},"f":{"0":0},"b":{"0":[0,0],"1":[0,0]},"_coverageSchema":"1a1c01bbd47fc00a2c39e90264f33305004495a9","hash":"76ec152b476a013baf7e8381409eb788aca13147"}
,"C:\\Users\\irwan\\Hacktiv8\\Final-Boss-BE\\middlewares\\authenAtas.js": {"path":"C:\\Users\\irwan\\Hacktiv8\\Final-Boss-BE\\middlewares\\authenAtas.js","statementMap":{"0":{"start":{"line":1,"column":19},"end":{"line":1,"column":44}},"1":{"start":{"line":2,"column":41},"end":{"line":2,"column":61}},"2":{"start":{"line":4,"column":2},"end":{"line":23,"column":3}},"3":{"start":{"line":5,"column":29},"end":{"line":5,"column":40}},"4":{"start":{"line":6,"column":4},"end":{"line":8,"column":5}},"5":{"start":{"line":7,"column":6},"end":{"line":7,"column":38}},"6":{"start":{"line":9,"column":20},"end":{"line":9,"column":40}},"7":{"start":{"line":10,"column":4},"end":{"line":12,"column":5}},"8":{"start":{"line":11,"column":6},"end":{"line":11,"column":38}},"9":{"start":{"line":13,"column":22},"end":{"line":15,"column":6}},"10":{"start":{"line":16,"column":4},"end":{"line":18,"column":5}},"11":{"start":{"line":17,"column":6},"end":{"line":17,"column":38}},"12":{"start":{"line":19,"column":4},"end":{"line":19,"column":37}},"13":{"start":{"line":20,"column":4},"end":{"line":20,"column":11}},"14":{"start":{"line":22,"column":4},"end":{"line":22,"column":16}},"15":{"start":{"line":26,"column":2},"end":{"line":45,"column":3}},"16":{"start":{"line":27,"column":28},"end":{"line":27,"column":37}},"17":{"start":{"line":28,"column":24},"end":{"line":28,"column":50}},"18":{"start":{"line":29,"column":25},"end":{"line":35,"column":6}},"19":{"start":{"line":36,"column":4},"end":{"line":38,"column":5}},"20":{"start":{"line":37,"column":6},"end":{"line":37,"column":30}},"21":{"start":{"line":39,"column":4},"end":{"line":41,"column":5}},"22":{"start":{"line":40,"column":6},"end":{"line":40,"column":34}},"23":{"start":{"line":42,"column":4},"end":{"line":42,"column":11}},"24":{"start":{"line":44,"column":4},"end":{"line":44,"column":16}},"25":{"start":{"line":48,"column":0},"end":{"line":48,"column":53}}},"fnMap":{"0":{"name":"authenticateBuyer","decl":{"start":{"line":3,"column":15},"end":{"line":3,"column":32}},"loc":{"start":{"line":3,"column":49},"end":{"line":24,"column":1}},"line":3},"1":{"name":"authDelBuyer","decl":{"start":{"line":25,"column":15},"end":{"line":25,"column":27}},"loc":{"start":{"line":25,"column":41},"end":{"line":46,"column":1}},"line":25}},"branchMap":{"0":{"loc":{"start":{"line":6,"column":4},"end":{"line":8,"column":5}},"type":"if","locations":[{"start":{"line":6,"column":4},"end":{"line":8,"column":5}},{"start":{},"end":{}}],"line":6},"1":{"loc":{"start":{"line":10,"column":4},"end":{"line":12,"column":5}},"type":"if","locations":[{"start":{"line":10,"column":4},"end":{"line":12,"column":5}},{"start":{},"end":{}}],"line":10},"2":{"loc":{"start":{"line":16,"column":4},"end":{"line":18,"column":5}},"type":"if","locations":[{"start":{"line":16,"column":4},"end":{"line":18,"column":5}},{"start":{},"end":{}}],"line":16},"3":{"loc":{"start":{"line":36,"column":4},"end":{"line":38,"column":5}},"type":"if","locations":[{"start":{"line":36,"column":4},"end":{"line":38,"column":5}},{"start":{},"end":{}}],"line":36},"4":{"loc":{"start":{"line":39,"column":4},"end":{"line":41,"column":5}},"type":"if","locations":[{"start":{"line":39,"column":4},"end":{"line":41,"column":5}},{"start":{},"end":{}}],"line":39}},"s":{"0":1,"1":1,"2":0,"3":0,"4":0,"5":0,"6":0,"7":0,"8":0,"9":0,"10":0,"11":0,"12":0,"13":0,"14":0,"15":0,"16":0,"17":0,"18":0,"19":0,"20":0,"21":0,"22":0,"23":0,"24":0,"25":1},"f":{"0":0,"1":0},"b":{"0":[0,0],"1":[0,0],"2":[0,0],"3":[0,0],"4":[0,0]},"_coverageSchema":"1a1c01bbd47fc00a2c39e90264f33305004495a9","hash":"fdd68b961695a7d2439aa5fdb7ebf94ddf30b6eb"}
,"C:\\Users\\irwan\\Hacktiv8\\Final-Boss-BE\\middlewares\\errorHandler.js": {"path":"C:\\Users\\irwan\\Hacktiv8\\Final-Boss-BE\\middlewares\\errorHandler.js","statementMap":{"0":{"start":{"line":1,"column":21},"end":{"line":29,"column":3}},"1":{"start":{"line":2,"column":15},"end":{"line":2,"column":18}},"2":{"start":{"line":3,"column":18},"end":{"line":3,"column":41}},"3":{"start":{"line":4,"column":4},"end":{"line":26,"column":5}},"4":{"start":{"line":5,"column":6},"end":{"line":5,"column":17}},"5":{"start":{"line":6,"column":6},"end":{"line":6,"column":35}},"6":{"start":{"line":7,"column":11},"end":{"line":26,"column":5}},"7":{"start":{"line":8,"column":6},"end":{"line":8,"column":17}},"8":{"start":{"line":9,"column":6},"end":{"line":9,"column":34}},"9":{"start":{"line":10,"column":11},"end":{"line":26,"column":5}},"10":{"start":{"line":11,"column":6},"end":{"line":11,"column":17}},"11":{"start":{"line":12,"column":6},"end":{"line":12,"column":44}},"12":{"start":{"line":13,"column":11},"end":{"line":26,"column":5}},"13":{"start":{"line":17,"column":23},"end":{"line":17,"column":57}},"14":{"start":{"line":17,"column":46},"end":{"line":17,"column":56}},"15":{"start":{"line":18,"column":6},"end":{"line":18,"column":17}},"16":{"start":{"line":19,"column":6},"end":{"line":19,"column":30}},"17":{"start":{"line":20,"column":11},"end":{"line":26,"column":5}},"18":{"start":{"line":21,"column":6},"end":{"line":21,"column":17}},"19":{"start":{"line":22,"column":6},"end":{"line":22,"column":32}},"20":{"start":{"line":23,"column":11},"end":{"line":26,"column":5}},"21":{"start":{"line":24,"column":8},"end":{"line":24,"column":19}},"22":{"start":{"line":25,"column":8},"end":{"line":25,"column":27}},"23":{"start":{"line":27,"column":4},"end":{"line":27,"column":20}},"24":{"start":{"line":28,"column":4},"end":{"line":28,"column":39}},"25":{"start":{"line":32,"column":2},"end":{"line":32,"column":32}}},"fnMap":{"0":{"name":"(anonymous_0)","decl":{"start":{"line":1,"column":21},"end":{"line":1,"column":22}},"loc":{"start":{"line":1,"column":46},"end":{"line":29,"column":3}},"line":1},"1":{"name":"(anonymous_1)","decl":{"start":{"line":17,"column":38},"end":{"line":17,"column":39}},"loc":{"start":{"line":17,"column":46},"end":{"line":17,"column":56}},"line":17}},"branchMap":{"0":{"loc":{"start":{"line":4,"column":4},"end":{"line":26,"column":5}},"type":"if","locations":[{"start":{"line":4,"column":4},"end":{"line":26,"column":5}},{"start":{"line":7,"column":11},"end":{"line":26,"column":5}}],"line":4},"1":{"loc":{"start":{"line":7,"column":11},"end":{"line":26,"column":5}},"type":"if","locations":[{"start":{"line":7,"column":11},"end":{"line":26,"column":5}},{"start":{"line":10,"column":11},"end":{"line":26,"column":5}}],"line":7},"2":{"loc":{"start":{"line":10,"column":11},"end":{"line":26,"column":5}},"type":"if","locations":[{"start":{"line":10,"column":11},"end":{"line":26,"column":5}},{"start":{"line":13,"column":11},"end":{"line":26,"column":5}}],"line":10},"3":{"loc":{"start":{"line":13,"column":11},"end":{"line":26,"column":5}},"type":"if","locations":[{"start":{"line":13,"column":11},"end":{"line":26,"column":5}},{"start":{"line":20,"column":11},"end":{"line":26,"column":5}}],"line":13},"4":{"loc":{"start":{"line":14,"column":6},"end":{"line":15,"column":50}},"type":"binary-expr","locations":[{"start":{"line":14,"column":6},"end":{"line":14,"column":44}},{"start":{"line":15,"column":6},"end":{"line":15,"column":50}}],"line":14},"5":{"loc":{"start":{"line":20,"column":11},"end":{"line":26,"column":5}},"type":"if","locations":[{"start":{"line":20,"column":11},"end":{"line":26,"column":5}},{"start":{"line":23,"column":11},"end":{"line":26,"column":5}}],"line":20},"6":{"loc":{"start":{"line":20,"column":15},"end":{"line":20,"column":79}},"type":"binary-expr","locations":[{"start":{"line":20,"column":15},"end":{"line":20,"column":43}},{"start":{"line":20,"column":47},"end":{"line":20,"column":79}}],"line":20},"7":{"loc":{"start":{"line":23,"column":11},"end":{"line":26,"column":5}},"type":"if","locations":[{"start":{"line":23,"column":11},"end":{"line":26,"column":5}},{"start":{},"end":{}}],"line":23},"8":{"loc":{"start":{"line":23,"column":14},"end":{"line":23,"column":83}},"type":"binary-expr","locations":[{"start":{"line":23,"column":14},"end":{"line":23,"column":45}},{"start":{"line":23,"column":49},"end":{"line":23,"column":83}}],"line":23}},"s":{"0":1,"1":20,"2":20,"3":20,"4":0,"5":0,"6":20,"7":3,"8":3,"9":17,"10":2,"11":2,"12":15,"13":8,"14":10,"15":8,"16":8,"17":7,"18":3,"19":3,"20":4,"21":4,"22":4,"23":20,"24":20,"25":1},"f":{"0":20,"1":10},"b":{"0":[0,20],"1":[3,17],"2":[2,15],"3":[8,7],"4":[15,8],"5":[3,4],"6":[7,7],"7":[4,0],"8":[4,2]},"_coverageSchema":"1a1c01bbd47fc00a2c39e90264f33305004495a9","hash":"5ba083eca7481895168ae1665d62e1014ca8e575"}
,"C:\\Users\\irwan\\Hacktiv8\\Final-Boss-BE\\models\\buyer.js": {"path":"C:\\Users\\irwan\\Hacktiv8\\Final-Boss-BE\\models\\buyer.js","statementMap":{"0":{"start":{"line":2,"column":18},"end":{"line":2,"column":38}},"1":{"start":{"line":3,"column":21},"end":{"line":3,"column":49}},"2":{"start":{"line":4,"column":0},"end":{"line":109,"column":2}},"3":{"start":{"line":13,"column":6},"end":{"line":13,"column":33}},"4":{"start":{"line":14,"column":6},"end":{"line":14,"column":33}},"5":{"start":{"line":17,"column":2},"end":{"line":107,"column":4}},"6":{"start":{"line":103,"column":10},"end":{"line":103,"column":58}},"7":{"start":{"line":108,"column":2},"end":{"line":108,"column":15}}},"fnMap":{"0":{"name":"(anonymous_0)","decl":{"start":{"line":4,"column":17},"end":{"line":4,"column":18}},"loc":{"start":{"line":4,"column":43},"end":{"line":109,"column":1}},"line":4},"1":{"name":"(anonymous_1)","decl":{"start":{"line":11,"column":4},"end":{"line":11,"column":5}},"loc":{"start":{"line":11,"column":29},"end":{"line":15,"column":5}},"line":11},"2":{"name":"(anonymous_2)","decl":{"start":{"line":102,"column":22},"end":{"line":102,"column":23}},"loc":{"start":{"line":102,"column":36},"end":{"line":104,"column":9}},"line":102}},"branchMap":{},"s":{"0":1,"1":1,"2":1,"3":1,"4":1,"5":1,"6":0,"7":1},"f":{"0":1,"1":1,"2":0},"b":{},"_coverageSchema":"1a1c01bbd47fc00a2c39e90264f33305004495a9","hash":"4539c03d71c486f88d9cae49a2af572af8619715"}
,"C:\\Users\\irwan\\Hacktiv8\\Final-Boss-BE\\models\\category.js": {"path":"C:\\Users\\irwan\\Hacktiv8\\Final-Boss-BE\\models\\category.js","statementMap":{"0":{"start":{"line":4,"column":4},"end":{"line":4,"column":24}},"1":{"start":{"line":5,"column":0},"end":{"line":24,"column":2}},"2":{"start":{"line":14,"column":6},"end":{"line":14,"column":37}},"3":{"start":{"line":17,"column":2},"end":{"line":22,"column":5}},"4":{"start":{"line":23,"column":2},"end":{"line":23,"column":18}}},"fnMap":{"0":{"name":"(anonymous_0)","decl":{"start":{"line":5,"column":17},"end":{"line":5,"column":18}},"loc":{"start":{"line":5,"column":43},"end":{"line":24,"column":1}},"line":5},"1":{"name":"(anonymous_1)","decl":{"start":{"line":12,"column":4},"end":{"line":12,"column":5}},"loc":{"start":{"line":12,"column":29},"end":{"line":15,"column":5}},"line":12}},"branchMap":{},"s":{"0":1,"1":1,"2":1,"3":1,"4":1},"f":{"0":1,"1":1},"b":{},"_coverageSchema":"1a1c01bbd47fc00a2c39e90264f33305004495a9","hash":"652072f2c9fa509ba7b4dff3d7fad80fec4ae625"}
,"C:\\Users\\irwan\\Hacktiv8\\Final-Boss-BE\\models\\chat.js": {"path":"C:\\Users\\irwan\\Hacktiv8\\Final-Boss-BE\\models\\chat.js","statementMap":{"0":{"start":{"line":4,"column":4},"end":{"line":4,"column":24}},"1":{"start":{"line":5,"column":0},"end":{"line":27,"column":2}},"2":{"start":{"line":14,"column":6},"end":{"line":14,"column":34}},"3":{"start":{"line":15,"column":6},"end":{"line":15,"column":33}},"4":{"start":{"line":18,"column":2},"end":{"line":25,"column":5}},"5":{"start":{"line":26,"column":2},"end":{"line":26,"column":14}}},"fnMap":{"0":{"name":"(anonymous_0)","decl":{"start":{"line":5,"column":17},"end":{"line":5,"column":18}},"loc":{"start":{"line":5,"column":43},"end":{"line":27,"column":1}},"line":5},"1":{"name":"(anonymous_1)","decl":{"start":{"line":12,"column":4},"end":{"line":12,"column":5}},"loc":{"start":{"line":12,"column":29},"end":{"line":16,"column":5}},"line":12}},"branchMap":{},"s":{"0":1,"1":1,"2":1,"3":1,"4":1,"5":1},"f":{"0":1,"1":1},"b":{},"_coverageSchema":"1a1c01bbd47fc00a2c39e90264f33305004495a9","hash":"bd8adab46487b2658dd89aa00dbda65ebf83bc13"}
,"C:\\Users\\irwan\\Hacktiv8\\Final-Boss-BE\\models\\image.js": {"path":"C:\\Users\\irwan\\Hacktiv8\\Final-Boss-BE\\models\\image.js","statementMap":{"0":{"start":{"line":4,"column":4},"end":{"line":4,"column":24}},"1":{"start":{"line":5,"column":0},"end":{"line":27,"column":2}},"2":{"start":{"line":14,"column":6},"end":{"line":14,"column":37}},"3":{"start":{"line":17,"column":2},"end":{"line":25,"column":5}},"4":{"start":{"line":26,"column":2},"end":{"line":26,"column":15}}},"fnMap":{"0":{"name":"(anonymous_0)","decl":{"start":{"line":5,"column":17},"end":{"line":5,"column":18}},"loc":{"start":{"line":5,"column":43},"end":{"line":27,"column":1}},"line":5},"1":{"name":"(anonymous_1)","decl":{"start":{"line":12,"column":4},"end":{"line":12,"column":5}},"loc":{"start":{"line":12,"column":29},"end":{"line":15,"column":5}},"line":12}},"branchMap":{},"s":{"0":1,"1":1,"2":1,"3":1,"4":1},"f":{"0":1,"1":1},"b":{},"_coverageSchema":"1a1c01bbd47fc00a2c39e90264f33305004495a9","hash":"be77cf927a90a3a8e1c16299f27886d2a5d03246"}
,"C:\\Users\\irwan\\Hacktiv8\\Final-Boss-BE\\models\\index.js": {"path":"C:\\Users\\irwan\\Hacktiv8\\Final-Boss-BE\\models\\index.js","statementMap":{"0":{"start":{"line":3,"column":11},"end":{"line":3,"column":24}},"1":{"start":{"line":4,"column":13},"end":{"line":4,"column":28}},"2":{"start":{"line":5,"column":18},"end":{"line":5,"column":38}},"3":{"start":{"line":6,"column":16},"end":{"line":6,"column":34}},"4":{"start":{"line":7,"column":17},"end":{"line":7,"column":42}},"5":{"start":{"line":8,"column":12},"end":{"line":8,"column":49}},"6":{"start":{"line":9,"column":15},"end":{"line":9,"column":65}},"7":{"start":{"line":10,"column":11},"end":{"line":10,"column":13}},"8":{"start":{"line":13,"column":0},"end":{"line":17,"column":1}},"9":{"start":{"line":14,"column":2},"end":{"line":14,"column":74}},"10":{"start":{"line":16,"column":2},"end":{"line":16,"column":87}},"11":{"start":{"line":19,"column":0},"end":{"line":27,"column":5}},"12":{"start":{"line":22,"column":4},"end":{"line":22,"column":90}},"13":{"start":{"line":25,"column":18},"end":{"line":25,"column":85}},"14":{"start":{"line":26,"column":4},"end":{"line":26,"column":27}},"15":{"start":{"line":29,"column":0},"end":{"line":33,"column":3}},"16":{"start":{"line":30,"column":2},"end":{"line":32,"column":3}},"17":{"start":{"line":31,"column":4},"end":{"line":31,"column":32}},"18":{"start":{"line":35,"column":0},"end":{"line":35,"column":25}},"19":{"start":{"line":36,"column":0},"end":{"line":36,"column":25}},"20":{"start":{"line":38,"column":0},"end":{"line":38,"column":20}}},"fnMap":{"0":{"name":"(anonymous_0)","decl":{"start":{"line":21,"column":10},"end":{"line":21,"column":11}},"loc":{"start":{"line":21,"column":18},"end":{"line":23,"column":3}},"line":21},"1":{"name":"(anonymous_1)","decl":{"start":{"line":24,"column":11},"end":{"line":24,"column":12}},"loc":{"start":{"line":24,"column":19},"end":{"line":27,"column":3}},"line":24},"2":{"name":"(anonymous_2)","decl":{"start":{"line":29,"column":24},"end":{"line":29,"column":25}},"loc":{"start":{"line":29,"column":37},"end":{"line":33,"column":1}},"line":29}},"branchMap":{"0":{"loc":{"start":{"line":8,"column":12},"end":{"line":8,"column":49}},"type":"binary-expr","locations":[{"start":{"line":8,"column":12},"end":{"line":8,"column":32}},{"start":{"line":8,"column":36},"end":{"line":8,"column":49}}],"line":8},"1":{"loc":{"start":{"line":13,"column":0},"end":{"line":17,"column":1}},"type":"if","locations":[{"start":{"line":13,"column":0},"end":{"line":17,"column":1}},{"start":{"line":15,"column":7},"end":{"line":17,"column":1}}],"line":13},"2":{"loc":{"start":{"line":22,"column":11},"end":{"line":22,"column":89}},"type":"binary-expr","locations":[{"start":{"line":22,"column":12},"end":{"line":22,"column":35}},{"start":{"line":22,"column":41},"end":{"line":22,"column":58}},{"start":{"line":22,"column":64},"end":{"line":22,"column":88}}],"line":22},"3":{"loc":{"start":{"line":30,"column":2},"end":{"line":32,"column":3}},"type":"if","locations":[{"start":{"line":30,"column":2},"end":{"line":32,"column":3}},{"start":{},"end":{}}],"line":30}},"s":{"0":1,"1":1,"2":1,"3":1,"4":1,"5":1,"6":1,"7":1,"8":1,"9":0,"10":1,"11":1,"12":10,"13":9,"14":9,"15":1,"16":9,"17":9,"18":1,"19":1,"20":1},"f":{"0":10,"1":9,"2":9},"b":{"0":[1,0],"1":[0,1],"2":[10,10,9],"3":[9,0]},"_coverageSchema":"1a1c01bbd47fc00a2c39e90264f33305004495a9","hash":"70051e8390bddb1a1cb87a01992274b36d17a36f"}
,"C:\\Users\\irwan\\Hacktiv8\\Final-Boss-BE\\models\\order.js": {"path":"C:\\Users\\irwan\\Hacktiv8\\Final-Boss-BE\\models\\order.js","statementMap":{"0":{"start":{"line":2,"column":18},"end":{"line":2,"column":38}},"1":{"start":{"line":3,"column":0},"end":{"line":57,"column":2}},"2":{"start":{"line":12,"column":6},"end":{"line":12,"column":36}},"3":{"start":{"line":13,"column":6},"end":{"line":13,"column":41}},"4":{"start":{"line":16,"column":2},"end":{"line":55,"column":4}},"5":{"start":{"line":56,"column":2},"end":{"line":56,"column":15}}},"fnMap":{"0":{"name":"(anonymous_0)","decl":{"start":{"line":3,"column":17},"end":{"line":3,"column":18}},"loc":{"start":{"line":3,"column":43},"end":{"line":57,"column":1}},"line":3},"1":{"name":"(anonymous_1)","decl":{"start":{"line":10,"column":4},"end":{"line":10,"column":5}},"loc":{"start":{"line":10,"column":29},"end":{"line":14,"column":5}},"line":10}},"branchMap":{},"s":{"0":1,"1":1,"2":1,"3":1,"4":1,"5":1},"f":{"0":1,"1":1},"b":{},"_coverageSchema":"1a1c01bbd47fc00a2c39e90264f33305004495a9","hash":"0b318317725562157e0be4b3f97d61efb9f16b9e"}
,"C:\\Users\\irwan\\Hacktiv8\\Final-Boss-BE\\models\\orderproduct.js": {"path":"C:\\Users\\irwan\\Hacktiv8\\Final-Boss-BE\\models\\orderproduct.js","statementMap":{"0":{"start":{"line":4,"column":4},"end":{"line":4,"column":24}},"1":{"start":{"line":5,"column":0},"end":{"line":59,"column":2}},"2":{"start":{"line":14,"column":6},"end":{"line":14,"column":42}},"3":{"start":{"line":15,"column":6},"end":{"line":15,"column":44}},"4":{"start":{"line":18,"column":2},"end":{"line":57,"column":4}},"5":{"start":{"line":58,"column":2},"end":{"line":58,"column":22}}},"fnMap":{"0":{"name":"(anonymous_0)","decl":{"start":{"line":5,"column":17},"end":{"line":5,"column":18}},"loc":{"start":{"line":5,"column":43},"end":{"line":59,"column":1}},"line":5},"1":{"name":"(anonymous_1)","decl":{"start":{"line":12,"column":4},"end":{"line":12,"column":5}},"loc":{"start":{"line":12,"column":29},"end":{"line":16,"column":5}},"line":12}},"branchMap":{},"s":{"0":1,"1":1,"2":1,"3":1,"4":1,"5":1},"f":{"0":1,"1":1},"b":{},"_coverageSchema":"1a1c01bbd47fc00a2c39e90264f33305004495a9","hash":"d0f72c02122850904787aeaf5dc8a98f08629349"}
,"C:\\Users\\irwan\\Hacktiv8\\Final-Boss-BE\\models\\product.js": {"path":"C:\\Users\\irwan\\Hacktiv8\\Final-Boss-BE\\models\\product.js","statementMap":{"0":{"start":{"line":4,"column":4},"end":{"line":4,"column":24}},"1":{"start":{"line":5,"column":0},"end":{"line":36,"column":2}},"2":{"start":{"line":14,"column":6},"end":{"line":14,"column":36}},"3":{"start":{"line":15,"column":6},"end":{"line":15,"column":40}},"4":{"start":{"line":16,"column":6},"end":{"line":16,"column":35}},"5":{"start":{"line":17,"column":6},"end":{"line":17,"column":42}},"6":{"start":{"line":20,"column":2},"end":{"line":34,"column":5}},"7":{"start":{"line":35,"column":2},"end":{"line":35,"column":17}}},"fnMap":{"0":{"name":"(anonymous_0)","decl":{"start":{"line":5,"column":17},"end":{"line":5,"column":18}},"loc":{"start":{"line":5,"column":43},"end":{"line":36,"column":1}},"line":5},"1":{"name":"(anonymous_1)","decl":{"start":{"line":12,"column":4},"end":{"line":12,"column":5}},"loc":{"start":{"line":12,"column":29},"end":{"line":18,"column":5}},"line":12}},"branchMap":{},"s":{"0":1,"1":1,"2":1,"3":1,"4":1,"5":1,"6":1,"7":1},"f":{"0":1,"1":1},"b":{},"_coverageSchema":"1a1c01bbd47fc00a2c39e90264f33305004495a9","hash":"f366586ae97e528445848d8223d6a54400091816"}
,"C:\\Users\\irwan\\Hacktiv8\\Final-Boss-BE\\models\\seller.js": {"path":"C:\\Users\\irwan\\Hacktiv8\\Final-Boss-BE\\models\\seller.js","statementMap":{"0":{"start":{"line":2,"column":21},"end":{"line":2,"column":49}},"1":{"start":{"line":4,"column":18},"end":{"line":4,"column":38}},"2":{"start":{"line":5,"column":0},"end":{"line":101,"column":2}},"3":{"start":{"line":14,"column":6},"end":{"line":14,"column":33}},"4":{"start":{"line":17,"column":2},"end":{"line":95,"column":4}},"5":{"start":{"line":59,"column":12},"end":{"line":61,"column":13}},"6":{"start":{"line":60,"column":14},"end":{"line":60,"column":72}},"7":{"start":{"line":97,"column":2},"end":{"line":99,"column":5}},"8":{"start":{"line":98,"column":4},"end":{"line":98,"column":48}},"9":{"start":{"line":100,"column":2},"end":{"line":100,"column":16}}},"fnMap":{"0":{"name":"(anonymous_0)","decl":{"start":{"line":5,"column":17},"end":{"line":5,"column":18}},"loc":{"start":{"line":5,"column":43},"end":{"line":101,"column":1}},"line":5},"1":{"name":"(anonymous_1)","decl":{"start":{"line":12,"column":4},"end":{"line":12,"column":5}},"loc":{"start":{"line":12,"column":29},"end":{"line":15,"column":5}},"line":12},"2":{"name":"(anonymous_2)","decl":{"start":{"line":58,"column":10},"end":{"line":58,"column":11}},"loc":{"start":{"line":58,"column":32},"end":{"line":62,"column":11}},"line":58},"3":{"name":"(anonymous_3)","decl":{"start":{"line":97,"column":22},"end":{"line":97,"column":23}},"loc":{"start":{"line":97,"column":43},"end":{"line":99,"column":3}},"line":97}},"branchMap":{"0":{"loc":{"start":{"line":59,"column":12},"end":{"line":61,"column":13}},"type":"if","locations":[{"start":{"line":59,"column":12},"end":{"line":61,"column":13}},{"start":{},"end":{}}],"line":59}},"s":{"0":1,"1":1,"2":1,"3":1,"4":1,"5":10,"6":1,"7":1,"8":3,"9":1},"f":{"0":1,"1":1,"2":10,"3":3},"b":{"0":[1,9]},"_coverageSchema":"1a1c01bbd47fc00a2c39e90264f33305004495a9","hash":"73b229f6bc1d935d6589fb4f91e74636690de766"}
,"C:\\Users\\irwan\\Hacktiv8\\Final-Boss-BE\\models\\shop.js": {"path":"C:\\Users\\irwan\\Hacktiv8\\Final-Boss-BE\\models\\shop.js","statementMap":{"0":{"start":{"line":4,"column":4},"end":{"line":4,"column":24}},"1":{"start":{"line":5,"column":0},"end":{"line":34,"column":2}},"2":{"start":{"line":14,"column":6},"end":{"line":14,"column":35}},"3":{"start":{"line":15,"column":6},"end":{"line":15,"column":31}},"4":{"start":{"line":16,"column":6},"end":{"line":16,"column":34}},"5":{"start":{"line":19,"column":2},"end":{"line":32,"column":5}},"6":{"start":{"line":33,"column":2},"end":{"line":33,"column":14}}},"fnMap":{"0":{"name":"(anonymous_0)","decl":{"start":{"line":5,"column":17},"end":{"line":5,"column":18}},"loc":{"start":{"line":5,"column":43},"end":{"line":34,"column":1}},"line":5},"1":{"name":"(anonymous_1)","decl":{"start":{"line":12,"column":4},"end":{"line":12,"column":5}},"loc":{"start":{"line":12,"column":29},"end":{"line":17,"column":5}},"line":12}},"branchMap":{},"s":{"0":1,"1":1,"2":1,"3":1,"4":1,"5":1,"6":1},"f":{"0":1,"1":1},"b":{},"_coverageSchema":"1a1c01bbd47fc00a2c39e90264f33305004495a9","hash":"a47ef8f21c70b70c2c7af36486506812362bdbea"}
,"C:\\Users\\irwan\\Hacktiv8\\Final-Boss-BE\\routes\\buyerRoute.js": {"path":"C:\\Users\\irwan\\Hacktiv8\\Final-Boss-BE\\routes\\buyerRoute.js","statementMap":{"0":{"start":{"line":1,"column":28},"end":{"line":1,"column":73}},"1":{"start":{"line":2,"column":28},"end":{"line":2,"column":64}},"2":{"start":{"line":4,"column":15},"end":{"line":4,"column":42}},"3":{"start":{"line":6,"column":0},"end":{"line":6,"column":54}},"4":{"start":{"line":7,"column":0},"end":{"line":7,"column":56}},"5":{"start":{"line":9,"column":0},"end":{"line":9,"column":30}},"6":{"start":{"line":11,"column":0},"end":{"line":11,"column":47}},"7":{"start":{"line":12,"column":0},"end":{"line":12,"column":52}},"8":{"start":{"line":13,"column":0},"end":{"line":13,"column":52}},"9":{"start":{"line":14,"column":0},"end":{"line":14,"column":50}},"10":{"start":{"line":16,"column":0},"end":{"line":16,"column":24}}},"fnMap":{},"branchMap":{},"s":{"0":1,"1":1,"2":1,"3":1,"4":1,"5":1,"6":1,"7":1,"8":1,"9":1,"10":1},"f":{},"b":{},"_coverageSchema":"1a1c01bbd47fc00a2c39e90264f33305004495a9","hash":"bdf52a399c017266d1439114af720ca5e584e89e"}
,"C:\\Users\\irwan\\Hacktiv8\\Final-Boss-BE\\routes\\categoryRoter.js": {"path":"C:\\Users\\irwan\\Hacktiv8\\Final-Boss-BE\\routes\\categoryRoter.js","statementMap":{"0":{"start":{"line":1,"column":15},"end":{"line":1,"column":42}},"1":{"start":{"line":2,"column":27},"end":{"line":2,"column":71}},"2":{"start":{"line":4,"column":0},"end":{"line":4,"column":60}},"3":{"start":{"line":6,"column":0},"end":{"line":6,"column":24}}},"fnMap":{},"branchMap":{},"s":{"0":1,"1":1,"2":1,"3":1},"f":{},"b":{},"_coverageSchema":"1a1c01bbd47fc00a2c39e90264f33305004495a9","hash":"a23dfee8a0c6b99961b2945821a280cce168e69f"}
,"C:\\Users\\irwan\\Hacktiv8\\Final-Boss-BE\\routes\\index.js": {"path":"C:\\Users\\irwan\\Hacktiv8\\Final-Boss-BE\\routes\\index.js","statementMap":{"0":{"start":{"line":1,"column":15},"end":{"line":1,"column":42}},"1":{"start":{"line":2,"column":21},"end":{"line":2,"column":46}},"2":{"start":{"line":3,"column":19},"end":{"line":3,"column":42}},"3":{"start":{"line":4,"column":19},"end":{"line":4,"column":42}},"4":{"start":{"line":5,"column":22},"end":{"line":5,"column":48}},"5":{"start":{"line":6,"column":19},"end":{"line":6,"column":42}},"6":{"start":{"line":7,"column":23},"end":{"line":7,"column":49}},"7":{"start":{"line":10,"column":0},"end":{"line":10,"column":33}},"8":{"start":{"line":11,"column":0},"end":{"line":11,"column":37}},"9":{"start":{"line":12,"column":0},"end":{"line":12,"column":34}},"10":{"start":{"line":13,"column":0},"end":{"line":13,"column":39}},"11":{"start":{"line":14,"column":0},"end":{"line":14,"column":34}},"12":{"start":{"line":15,"column":0},"end":{"line":15,"column":26}},"13":{"start":{"line":18,"column":0},"end":{"line":18,"column":24}}},"fnMap":{},"branchMap":{},"s":{"0":1,"1":1,"2":1,"3":1,"4":1,"5":1,"6":1,"7":1,"8":1,"9":1,"10":1,"11":1,"12":1,"13":1},"f":{},"b":{},"_coverageSchema":"1a1c01bbd47fc00a2c39e90264f33305004495a9","hash":"f6811d635d78c734de2f38a27704a3de7d50f5a3"}
,"C:\\Users\\irwan\\Hacktiv8\\Final-Boss-BE\\routes\\orderRoute.js": {"path":"C:\\Users\\irwan\\Hacktiv8\\Final-Boss-BE\\routes\\orderRoute.js","statementMap":{"0":{"start":{"line":1,"column":28},"end":{"line":1,"column":73}},"1":{"start":{"line":5,"column":4},"end":{"line":5,"column":40}},"2":{"start":{"line":6,"column":15},"end":{"line":6,"column":42}},"3":{"start":{"line":8,"column":0},"end":{"line":8,"column":30}},"4":{"start":{"line":11,"column":0},"end":{"line":11,"column":53}},"5":{"start":{"line":12,"column":0},"end":{"line":12,"column":50}},"6":{"start":{"line":13,"column":0},"end":{"line":13,"column":63}},"7":{"start":{"line":14,"column":0},"end":{"line":18,"column":2}},"8":{"start":{"line":19,"column":0},"end":{"line":23,"column":2}},"9":{"start":{"line":26,"column":0},"end":{"line":26,"column":24}}},"fnMap":{},"branchMap":{},"s":{"0":1,"1":1,"2":1,"3":1,"4":1,"5":1,"6":1,"7":1,"8":1,"9":1},"f":{},"b":{},"_coverageSchema":"1a1c01bbd47fc00a2c39e90264f33305004495a9","hash":"e2206bd1768f37a477fc71b5da105c37ddfa8030"}
,"C:\\Users\\irwan\\Hacktiv8\\Final-Boss-BE\\routes\\productRouter.js": {"path":"C:\\Users\\irwan\\Hacktiv8\\Final-Boss-BE\\routes\\productRouter.js","statementMap":{"0":{"start":{"line":1,"column":15},"end":{"line":1,"column":42}},"1":{"start":{"line":2,"column":26},"end":{"line":2,"column":69}},"2":{"start":{"line":3,"column":17},"end":{"line":3,"column":51}},"3":{"start":{"line":5,"column":0},"end":{"line":5,"column":50}},"4":{"start":{"line":6,"column":0},"end":{"line":6,"column":53}},"5":{"start":{"line":7,"column":0},"end":{"line":7,"column":21}},"6":{"start":{"line":8,"column":0},"end":{"line":8,"column":47}},"7":{"start":{"line":9,"column":0},"end":{"line":9,"column":50}},"8":{"start":{"line":10,"column":0},"end":{"line":10,"column":55}},"9":{"start":{"line":13,"column":0},"end":{"line":13,"column":24}}},"fnMap":{},"branchMap":{},"s":{"0":1,"1":1,"2":1,"3":1,"4":1,"5":1,"6":1,"7":1,"8":1,"9":1},"f":{},"b":{},"_coverageSchema":"1a1c01bbd47fc00a2c39e90264f33305004495a9","hash":"4a5bc3bfcd0a8cb6566aa82daee7174f13768fcd"}
,"C:\\Users\\irwan\\Hacktiv8\\Final-Boss-BE\\routes\\sellerRouter.js": {"path":"C:\\Users\\irwan\\Hacktiv8\\Final-Boss-BE\\routes\\sellerRouter.js","statementMap":{"0":{"start":{"line":1,"column":15},"end":{"line":1,"column":42}},"1":{"start":{"line":2,"column":25},"end":{"line":2,"column":67}},"2":{"start":{"line":3,"column":23},"end":{"line":3,"column":53}},"3":{"start":{"line":5,"column":0},"end":{"line":5,"column":50}},"4":{"start":{"line":6,"column":0},"end":{"line":6,"column":46}},"5":{"start":{"line":7,"column":0},"end":{"line":7,"column":42}},"6":{"start":{"line":8,"column":0},"end":{"line":8,"column":45}},"7":{"start":{"line":9,"column":0},"end":{"line":9,"column":27}},"8":{"start":{"line":10,"column":0},"end":{"line":10,"column":44}},"9":{"start":{"line":11,"column":0},"end":{"line":11,"column":47}},"10":{"start":{"line":15,"column":0},"end":{"line":15,"column":23}}},"fnMap":{},"branchMap":{},"s":{"0":1,"1":1,"2":1,"3":1,"4":1,"5":1,"6":1,"7":1,"8":1,"9":1,"10":1},"f":{},"b":{},"_coverageSchema":"1a1c01bbd47fc00a2c39e90264f33305004495a9","hash":"bcb7e5e497ef51db1e61ed57589738cc5992c2d3"}
,"C:\\Users\\irwan\\Hacktiv8\\Final-Boss-BE\\routes\\shopRouter.js": {"path":"C:\\Users\\irwan\\Hacktiv8\\Final-Boss-BE\\routes\\shopRouter.js","statementMap":{"0":{"start":{"line":1,"column":15},"end":{"line":1,"column":42}},"1":{"start":{"line":2,"column":23},"end":{"line":2,"column":63}},"2":{"start":{"line":4,"column":0},"end":{"line":4,"column":39}},"3":{"start":{"line":5,"column":0},"end":{"line":5,"column":42}},"4":{"start":{"line":6,"column":0},"end":{"line":6,"column":42}},"5":{"start":{"line":7,"column":0},"end":{"line":7,"column":48}},"6":{"start":{"line":8,"column":0},"end":{"line":8,"column":51}},"7":{"start":{"line":10,"column":0},"end":{"line":10,"column":23}}},"fnMap":{},"branchMap":{},"s":{"0":1,"1":1,"2":1,"3":1,"4":1,"5":1,"6":1,"7":1},"f":{},"b":{},"_coverageSchema":"1a1c01bbd47fc00a2c39e90264f33305004495a9","hash":"133605bde73906a7ae85c8492f14728c94b3afa9"}
}
