TN:
SF:app.js
FNF:0
FNH:0
DA:1,1
DA:2,1
DA:3,1
DA:4,1
DA:5,1
DA:8,1
DA:9,1
DA:10,1
DA:13,1
DA:15,1
DA:17,1
LF:11
LH:11
BRF:0
BRH:0
end_of_record
TN:
SF:controllers\categoryController.js
FN:4,(anonymous_0)
FNF:1
FNH:0
FNDA:0,(anonymous_0)
DA:1,1
DA:5,0
DA:6,0
DA:7,0
DA:9,0
DA:14,1
LF:6
LH:2
BRF:0
BRH:0
end_of_record
TN:
SF:controllers\controllerJalurAtas.js
FN:6,(anonymous_0)
FN:16,(anonymous_1)
FN:31,(anonymous_2)
FN:58,(anonymous_3)
FN:69,(anonymous_4)
FN:91,(anonymous_5)
FN:126,(anonymous_6)
FN:142,(anonymous_7)
FN:169,(anonymous_8)
FN:184,(anonymous_9)
FN:190,(anonymous_10)
FN:202,(anonymous_11)
FN:230,(anonymous_12)
FNF:13
FNH:0
FNDA:0,(anonymous_0)
FNDA:0,(anonymous_1)
FNDA:0,(anonymous_2)
FNDA:0,(anonymous_3)
FNDA:0,(anonymous_4)
FNDA:0,(anonymous_5)
FNDA:0,(anonymous_6)
FNDA:0,(anonymous_7)
FNDA:0,(anonymous_8)
FNDA:0,(anonymous_9)
FNDA:0,(anonymous_10)
FNDA:0,(anonymous_11)
FNDA:0,(anonymous_12)
DA:1,1
DA:2,1
DA:3,1
DA:7,0
DA:8,0
DA:11,0
DA:13,0
DA:17,0
DA:18,0
DA:19,0
DA:23,0
DA:24,0
DA:26,0
DA:28,0
DA:32,0
DA:42,0
DA:43,0
DA:53,0
DA:55,0
DA:59,0
DA:60,0
DA:61,0
DA:64,0
DA:66,0
DA:70,0
DA:71,0
DA:72,0
DA:75,0
DA:76,0
DA:78,0
DA:79,0
DA:80,0
DA:81,0
DA:85,0
DA:88,0
DA:92,0
DA:102,0
DA:103,0
DA:104,0
DA:105,0
DA:106,0
DA:108,0
DA:118,0
DA:119,0
DA:123,0
DA:127,0
DA:128,0
DA:129,0
DA:133,0
DA:134,0
DA:135,0
DA:137,0
DA:139,0
DA:143,0
DA:144,0
DA:145,0
DA:146,0
DA:149,0
DA:150,0
DA:152,0
DA:156,0
DA:157,0
DA:158,0
DA:161,0
DA:162,0
DA:163,0
DA:164,0
DA:166,0
DA:170,0
DA:171,0
DA:172,0
DA:173,0
DA:183,0
DA:184,0
DA:185,0
DA:186,0
DA:188,0
DA:189,0
DA:190,0
DA:191,0
DA:193,0
DA:194,0
DA:195,0
DA:196,0
DA:198,0
DA:199,0
DA:203,0
DA:204,0
DA:205,0
DA:206,0
DA:209,0
DA:210,0
DA:212,0
DA:216,0
DA:219,0
DA:222,0
DA:223,0
DA:224,0
DA:226,0
DA:227,0
DA:231,0
DA:232,0
DA:233,0
DA:234,0
DA:235,0
DA:238,0
DA:239,0
DA:241,0
DA:242,0
DA:243,0
DA:244,0
DA:245,0
DA:246,0
DA:249,0
DA:250,0
DA:252,0
DA:255,0
DA:256,0
DA:257,0
DA:259,0
DA:260,0
DA:265,1
LF:122
LH:4
BRDA:23,0,0,0
BRDA:23,0,1,0
BRDA:75,1,0,0
BRDA:75,1,1,0
BRDA:78,2,0,0
BRDA:78,2,1,0
BRDA:105,3,0,0
BRDA:105,3,1,0
BRDA:134,4,0,0
BRDA:134,4,1,0
BRDA:149,5,0,0
BRDA:149,5,1,0
BRDA:153,6,0,0
BRDA:153,6,1,0
BRDA:154,7,0,0
BRDA:154,7,1,0
BRDA:157,8,0,0
BRDA:157,8,1,0
BRDA:209,9,0,0
BRDA:209,9,1,0
BRDA:238,10,0,0
BRDA:238,10,1,0
BRDA:249,11,0,0
BRDA:249,11,1,0
BRF:24
BRH:0
end_of_record
TN:
SF:controllers\productController.js
FN:5,(anonymous_0)
FN:17,(anonymous_1)
FN:33,(anonymous_2)
FN:53,(anonymous_3)
FN:71,(anonymous_4)
FN:86,(anonymous_5)
FN:102,(anonymous_6)
FNF:7
FNH:0
FNDA:0,(anonymous_0)
FNDA:0,(anonymous_1)
FNDA:0,(anonymous_2)
FNDA:0,(anonymous_3)
FNDA:0,(anonymous_4)
FNDA:0,(anonymous_5)
FNDA:0,(anonymous_6)
DA:1,1
DA:2,1
DA:6,0
DA:7,0
DA:10,0
DA:12,0
DA:13,0
DA:18,0
DA:19,0
DA:20,0
DA:23,0
DA:24,0
DA:26,0
DA:28,0
DA:29,0
DA:34,0
DA:35,0
DA:36,0
DA:37,0
DA:38,0
DA:39,0
DA:40,0
DA:53,0
DA:54,0
DA:59,0
DA:60,0
DA:61,0
DA:62,0
DA:64,0
DA:65,0
DA:66,0
DA:67,0
DA:72,0
DA:73,0
DA:74,0
DA:75,0
DA:76,0
DA:77,0
DA:78,0
DA:79,0
DA:80,0
DA:82,0
DA:86,0
DA:87,0
DA:92,0
DA:93,0
DA:94,0
DA:96,0
DA:97,0
DA:98,0
DA:103,0
DA:104,0
DA:105,0
DA:106,0
DA:107,0
DA:108,0
DA:110,0
DA:111,0
DA:112,0
DA:113,0
DA:115,0
DA:116,0
DA:117,0
DA:122,1
LF:64
LH:3
BRDA:23,0,0,0
BRDA:23,0,1,0
BRDA:79,1,0,0
BRDA:79,1,1,0
BRDA:107,2,0,0
BRDA:107,2,1,0
BRF:6
BRH:0
end_of_record
TN:
SF:controllers\sellerController.js
FN:6,(anonymous_0)
FN:9,(anonymous_1)
FN:27,(anonymous_2)
FN:44,(anonymous_3)
FN:72,(anonymous_4)
FN:101,(anonymous_5)
FN:119,(anonymous_6)
FNF:7
FNH:7
FNDA:1,(anonymous_0)
FNDA:2,(anonymous_1)
FNDA:9,(anonymous_2)
FNDA:2,(anonymous_3)
FNDA:2,(anonymous_4)
FNDA:2,(anonymous_5)
FNDA:7,(anonymous_6)
DA:1,1
DA:2,1
DA:3,1
DA:7,1
DA:8,1
DA:9,1
DA:10,2
DA:21,1
DA:23,0
DA:28,9
DA:29,9
DA:30,9
DA:37,1
DA:39,8
DA:40,8
DA:45,2
DA:46,2
DA:47,2
DA:53,2
DA:54,1
DA:57,1
DA:66,1
DA:68,1
DA:73,2
DA:74,2
DA:75,2
DA:76,2
DA:77,2
DA:78,1
DA:80,1
DA:95,1
DA:97,1
DA:102,2
DA:103,2
DA:104,2
DA:105,2
DA:106,1
DA:108,1
DA:113,1
DA:115,1
DA:120,7
DA:121,7
DA:123,7
DA:124,2
DA:127,5
DA:128,2
DA:131,3
DA:136,3
DA:137,1
DA:138,2
DA:139,1
DA:141,1
DA:145,1
DA:148,6
DA:153,1
LF:55
LH:54
BRDA:53,0,0,1
BRDA:53,0,1,1
BRDA:77,1,0,1
BRDA:77,1,1,1
BRDA:105,2,0,1
BRDA:105,2,1,1
BRDA:123,3,0,2
BRDA:123,3,1,5
BRDA:127,4,0,2
BRDA:127,4,1,3
BRDA:136,5,0,1
BRDA:136,5,1,2
BRDA:138,6,0,1
BRDA:138,6,1,1
BRF:14
BRH:14
end_of_record
TN:
SF:controllers\shopController.js
FN:4,(anonymous_0)
FN:15,(anonymous_1)
FN:29,(anonymous_2)
FN:46,(anonymous_3)
FN:68,(anonymous_4)
FNF:5
FNH:0
FNDA:0,(anonymous_0)
FNDA:0,(anonymous_1)
FNDA:0,(anonymous_2)
FNDA:0,(anonymous_3)
FNDA:0,(anonymous_4)
DA:1,1
DA:5,0
DA:6,0
DA:9,0
DA:11,0
DA:16,0
DA:17,0
DA:23,0
DA:25,0
DA:30,0
DA:31,0
DA:40,0
DA:42,0
DA:47,0
DA:48,0
DA:62,0
DA:64,0
DA:69,0
DA:70,0
DA:75,0
DA:77,0
DA:83,1
LF:22
LH:2
BRF:0
BRH:0
end_of_record
TN:
SF:helpers\bcrypt.js
FN:3,(anonymous_0)
FN:7,(anonymous_1)
FNF:2
FNH:2
FNDA:3,(anonymous_0)
FNDA:2,(anonymous_1)
DA:1,1
DA:3,1
DA:4,3
DA:7,1
DA:8,2
DA:11,1
LF:6
LH:6
BRF:0
BRH:0
end_of_record
TN:
SF:helpers\jwt.js
FN:4,(anonymous_0)
FN:8,(anonymous_1)
FNF:2
FNH:2
FNDA:2,(anonymous_0)
FNDA:7,(anonymous_1)
DA:1,1
DA:2,1
DA:4,1
DA:5,2
DA:8,1
DA:9,7
DA:12,1
LF:7
LH:7
BRF:0
BRH:0
end_of_record
TN:
SF:middlewares\auth.js
FN:3,(anonymous_0)
FNF:1
FNH:1
FNDA:7,(anonymous_0)
DA:1,1
DA:2,1
DA:3,1
DA:4,7
DA:5,7
DA:6,7
DA:7,0
DA:10,7
DA:11,4
DA:13,4
DA:14,0
DA:17,4
DA:21,4
DA:23,3
DA:27,1
LF:15
LH:13
BRDA:6,0,0,0
BRDA:6,0,1,7
BRDA:13,1,0,0
BRDA:13,1,1,4
BRF:4
BRH:2
end_of_record
TN:
SF:middlewares\authShop.js
FN:4,(anonymous_0)
FNF:1
FNH:0
FNDA:0,(anonymous_0)
DA:1,1
DA:2,1
DA:4,1
DA:5,0
DA:6,0
DA:7,0
DA:8,0
DA:10,0
DA:11,0
DA:15,0
DA:16,0
DA:18,0
DA:21,0
DA:23,0
DA:27,1
LF:15
LH:4
BRDA:7,0,0,0
BRDA:7,0,1,0
BRDA:15,1,0,0
BRDA:15,1,1,0
BRF:4
BRH:0
end_of_record
TN:
SF:middlewares\authenAtas.js
FN:3,authenticateBuyer
FN:25,authDelBuyer
FNF:2
FNH:0
FNDA:0,authenticateBuyer
FNDA:0,authDelBuyer
DA:1,1
DA:2,1
DA:4,0
DA:5,0
DA:6,0
DA:7,0
DA:9,0
DA:10,0
DA:11,0
DA:13,0
DA:16,0
DA:17,0
DA:19,0
DA:20,0
DA:22,0
DA:26,0
DA:27,0
DA:28,0
DA:29,0
DA:36,0
DA:37,0
DA:39,0
DA:40,0
DA:42,0
DA:44,0
DA:48,1
LF:26
LH:3
BRDA:6,0,0,0
BRDA:6,0,1,0
BRDA:10,1,0,0
BRDA:10,1,1,0
BRDA:16,2,0,0
BRDA:16,2,1,0
BRDA:36,3,0,0
BRDA:36,3,1,0
BRDA:39,4,0,0
BRDA:39,4,1,0
BRF:10
BRH:0
end_of_record
TN:
SF:middlewares\errorHandler.js
FN:1,(anonymous_0)
FN:17,(anonymous_1)
FNF:2
FNH:2
FNDA:20,(anonymous_0)
FNDA:10,(anonymous_1)
DA:1,1
DA:2,20
DA:3,20
DA:4,20
DA:5,0
DA:6,0
DA:7,20
DA:8,3
DA:9,3
DA:10,17
DA:11,2
DA:12,2
DA:13,15
DA:17,10
DA:18,8
DA:19,8
DA:20,7
DA:21,3
DA:22,3
DA:23,4
DA:24,4
DA:25,4
DA:27,20
DA:28,20
DA:32,1
LF:25
LH:23
BRDA:4,0,0,0
BRDA:4,0,1,20
BRDA:7,1,0,3
BRDA:7,1,1,17
BRDA:10,2,0,2
BRDA:10,2,1,15
BRDA:13,3,0,8
BRDA:13,3,1,7
BRDA:14,4,0,15
BRDA:14,4,1,8
BRDA:20,5,0,3
BRDA:20,5,1,4
BRDA:20,6,0,7
BRDA:20,6,1,7
BRDA:23,7,0,4
BRDA:23,7,1,0
BRDA:23,8,0,4
BRDA:23,8,1,2
BRF:18
BRH:16
end_of_record
TN:
SF:models\buyer.js
FN:4,(anonymous_0)
FN:11,(anonymous_1)
FN:102,(anonymous_2)
FNF:3
FNH:2
FNDA:1,(anonymous_0)
FNDA:1,(anonymous_1)
FNDA:0,(anonymous_2)
DA:2,1
DA:3,1
DA:4,1
DA:13,1
DA:14,1
DA:17,1
DA:103,0
DA:108,1
LF:8
LH:7
BRF:0
BRH:0
end_of_record
TN:
SF:models\category.js
FN:5,(anonymous_0)
FN:12,(anonymous_1)
FNF:2
FNH:2
FNDA:1,(anonymous_0)
FNDA:1,(anonymous_1)
DA:4,1
DA:5,1
DA:14,1
DA:17,1
DA:23,1
LF:5
LH:5
BRF:0
BRH:0
end_of_record
TN:
SF:models\chat.js
FN:5,(anonymous_0)
FN:12,(anonymous_1)
FNF:2
FNH:2
FNDA:1,(anonymous_0)
FNDA:1,(anonymous_1)
DA:4,1
DA:5,1
DA:14,1
DA:15,1
DA:18,1
DA:26,1
LF:6
LH:6
BRF:0
BRH:0
end_of_record
TN:
SF:models\image.js
FN:5,(anonymous_0)
FN:12,(anonymous_1)
FNF:2
FNH:2
FNDA:1,(anonymous_0)
FNDA:1,(anonymous_1)
DA:4,1
DA:5,1
DA:14,1
DA:17,1
DA:26,1
LF:5
LH:5
BRF:0
BRH:0
end_of_record
TN:
SF:models\index.js
FN:21,(anonymous_0)
FN:24,(anonymous_1)
FN:29,(anonymous_2)
FNF:3
FNH:3
FNDA:10,(anonymous_0)
FNDA:9,(anonymous_1)
FNDA:9,(anonymous_2)
DA:3,1
DA:4,1
DA:5,1
DA:6,1
DA:7,1
DA:8,1
DA:9,1
DA:10,1
DA:13,1
DA:14,0
DA:16,1
DA:19,1
DA:22,10
DA:25,9
DA:26,9
DA:29,1
DA:30,9
DA:31,9
DA:35,1
DA:36,1
DA:38,1
LF:21
LH:20
BRDA:8,0,0,1
BRDA:8,0,1,0
BRDA:13,1,0,0
BRDA:13,1,1,1
BRDA:22,2,0,10
BRDA:22,2,1,10
BRDA:22,2,2,9
BRDA:30,3,0,9
BRDA:30,3,1,0
BRF:9
BRH:6
end_of_record
TN:
SF:models\order.js
FN:3,(anonymous_0)
FN:10,(anonymous_1)
FNF:2
FNH:2
FNDA:1,(anonymous_0)
FNDA:1,(anonymous_1)
DA:2,1
DA:3,1
DA:12,1
DA:13,1
DA:16,1
DA:56,1
LF:6
LH:6
BRF:0
BRH:0
end_of_record
TN:
SF:models\orderproduct.js
FN:5,(anonymous_0)
FN:12,(anonymous_1)
FNF:2
FNH:2
FNDA:1,(anonymous_0)
FNDA:1,(anonymous_1)
DA:4,1
DA:5,1
DA:14,1
DA:15,1
DA:18,1
DA:58,1
LF:6
LH:6
BRF:0
BRH:0
end_of_record
TN:
SF:models\product.js
FN:5,(anonymous_0)
FN:12,(anonymous_1)
FNF:2
FNH:2
FNDA:1,(anonymous_0)
FNDA:1,(anonymous_1)
DA:4,1
DA:5,1
DA:14,1
DA:15,1
DA:16,1
DA:17,1
DA:20,1
DA:35,1
LF:8
LH:8
BRF:0
BRH:0
end_of_record
TN:
SF:models\seller.js
FN:5,(anonymous_0)
FN:12,(anonymous_1)
FN:58,(anonymous_2)
FN:97,(anonymous_3)
FNF:4
FNH:4
FNDA:1,(anonymous_0)
FNDA:1,(anonymous_1)
FNDA:10,(anonymous_2)
FNDA:3,(anonymous_3)
DA:2,1
DA:4,1
DA:5,1
DA:14,1
DA:17,1
DA:59,10
DA:60,1
DA:97,1
DA:98,3
DA:100,1
LF:10
LH:10
BRDA:59,0,0,1
BRDA:59,0,1,9
BRF:2
BRH:2
end_of_record
TN:
SF:models\shop.js
FN:5,(anonymous_0)
FN:12,(anonymous_1)
FNF:2
FNH:2
FNDA:1,(anonymous_0)
FNDA:1,(anonymous_1)
DA:4,1
DA:5,1
DA:14,1
DA:15,1
DA:16,1
DA:19,1
DA:33,1
LF:7
LH:7
BRF:0
BRH:0
end_of_record
TN:
SF:routes\buyerRoute.js
FNF:0
FNH:0
DA:1,1
DA:2,1
DA:4,1
DA:6,1
DA:7,1
DA:9,1
DA:11,1
DA:12,1
DA:13,1
DA:14,1
DA:16,1
LF:11
LH:11
BRF:0
BRH:0
end_of_record
TN:
SF:routes\categoryRoter.js
FNF:0
FNH:0
DA:1,1
DA:2,1
DA:4,1
DA:6,1
LF:4
LH:4
BRF:0
BRH:0
end_of_record
TN:
SF:routes\index.js
FNF:0
FNH:0
DA:1,1
DA:2,1
DA:3,1
DA:4,1
DA:5,1
DA:6,1
DA:7,1
DA:10,1
DA:11,1
DA:12,1
DA:13,1
DA:14,1
DA:15,1
DA:18,1
LF:14
LH:14
BRF:0
BRH:0
end_of_record
TN:
SF:routes\orderRoute.js
FNF:0
FNH:0
DA:1,1
DA:5,1
DA:6,1
DA:8,1
DA:11,1
DA:12,1
DA:13,1
DA:14,1
DA:19,1
DA:26,1
LF:10
LH:10
BRF:0
BRH:0
end_of_record
TN:
SF:routes\productRouter.js
FNF:0
FNH:0
DA:1,1
DA:2,1
DA:3,1
DA:5,1
DA:6,1
DA:7,1
DA:8,1
DA:9,1
DA:10,1
DA:13,1
LF:10
LH:10
BRF:0
BRH:0
end_of_record
TN:
SF:routes\sellerRouter.js
FNF:0
FNH:0
DA:1,1
DA:2,1
DA:3,1
DA:5,1
DA:6,1
DA:7,1
DA:8,1
DA:9,1
DA:10,1
DA:11,1
DA:15,1
LF:11
LH:11
BRF:0
BRH:0
end_of_record
TN:
SF:routes\shopRouter.js
FNF:0
FNH:0
DA:1,1
DA:2,1
DA:4,1
DA:5,1
DA:6,1
DA:7,1
DA:8,1
DA:10,1
LF:8
LH:8
BRF:0
BRH:0
end_of_record
